DFW status and trace log : Thu Oct 17 13:13:14 2019

13:13:14.187 ERROR: no id specified
  SevError(2) : programcontext.cpp : 5665
13:13:14.211 ERROR: target definition defaultTarget has not been created
  Protocol Component : SevError(2) : targetdefinitionmanager.cpp : 5161
DFW status and trace log : Thu Oct 17 13:24:13 2019

13:24:13.819 ERROR: Node 'TargetDefns' does not have a child name 'vxsim1': StdStructContainerInfoNode1::evalNodeChild
  Protocol Component : SevError(2) : infonodehelper.hpp : 1645
13:24:13.820 ERROR: Node 'TargetDefns' does not have a child name 'vxsim1'
  Protocol Component : SevError(2) : infonodehelper.hpp : 1645
13:24:13.825 ERROR: no id specified
  SevError(2) : programcontext.cpp : 5665
13:24:13.949 ERROR: Could not find Processor or OS
  SevError(2) : TOSplugincommon.cpp : 2597
13:24:13.956 ERROR: Could not find Processor or OS
  SevError(2) : TOSplugincommon.cpp : 2597
13:24:13.962 ERROR: Could not find Processor or OS
  SevError(2) : TOSplugincommon.cpp : 2597
13:24:13.967 ERROR: Could not find Processor or OS
  SevError(2) : TOSplugincommon.cpp : 2597
13:24:13.972 ERROR: Could not find Processor or OS
  SevError(2) : TOSplugincommon.cpp : 2597
13:24:13.977 ERROR: Could not find Processor or OS
  SevError(2) : TOSplugincommon.cpp : 2597
13:24:13.982 ERROR: Could not find Processor or OS
  SevError(2) : TOSplugincommon.cpp : 2597
13:24:13.987 ERROR: Could not find Processor or OS
  SevError(2) : TOSplugincommon.cpp : 2597
13:24:13.992 ERROR: Could not find Processor or OS
  SevError(2) : TOSplugincommon.cpp : 2597
13:24:13.997 ERROR: Could not find Processor or OS
  SevError(2) : TOSplugincommon.cpp : 2597
13:24:14.002 ERROR: Could not find Processor or OS
  SevError(2) : TOSplugincommon.cpp : 2597
13:24:14.007 ERROR: Could not find Processor or OS
  SevError(2) : TOSplugincommon.cpp : 2597
13:24:14.012 ERROR: Could not find Processor or OS
  SevError(2) : TOSplugincommon.cpp : 2597
13:24:14.017 ERROR: Could not find Processor or OS
  SevError(2) : TOSplugincommon.cpp : 2597
13:24:14.022 ERROR: Could not find Processor or OS
  SevError(2) : TOSplugincommon.cpp : 2597
13:24:14.027 ERROR: Could not find Processor or OS
  SevError(2) : TOSplugincommon.cpp : 2597
13:24:14.032 ERROR: Could not find Processor or OS
  SevError(2) : TOSplugincommon.cpp : 2597
13:24:14.038 ERROR: Could not find Processor or OS
  SevError(2) : TOSplugincommon.cpp : 2597
13:24:14.044 ERROR: no id specified
  SevError(2) : programcontext.cpp : 5665
13:24:14.044 ERROR: no id specified
  SevError(2) : programcontext.cpp : 5665
13:24:14.077 ERROR: Invalid core (CPU) id
  SevError(2) : tccoreinfo.cpp : 849
13:24:14.151 ERROR: Unsupported function call: TargetPluginAPI::GetTraceInfo
  SevError(2) : tccallwrappers.cpp : 4517
13:24:14.171 ERROR: Operation succeeded
  SevError(2) : programcontext.cpp : 5208
13:24:14.171 ERROR: Program context is undefined
  SevError(2) : dtacell.cpp : 559
13:24:14.171 ERROR: Operation succeeded
  SevError(2) : programcontext.cpp : 5208
13:24:14.414 ERROR: Program context is undefined
  SevError(2) : dtacell.cpp : 559
13:24:14.414 ERROR: Operation succeeded
  SevError(2) : programcontext.cpp : 5208
13:24:14.415 ERROR: Program context is undefined
  SevError(2) : dtacell.cpp : 559
13:24:14.415 ERROR: Operation succeeded
  SevError(2) : programcontext.cpp : 5208
13:24:14.416 ERROR: Program context is undefined
  SevError(2) : dtacell.cpp : 559
13:24:14.416 ERROR: Operation succeeded
  SevError(2) : programcontext.cpp : 5208
13:24:14.416 ERROR: Program context is undefined
  SevError(2) : dtacell.cpp : 559
13:24:14.416 ERROR: Operation succeeded
  SevError(2) : programcontext.cpp : 5208
13:24:14.417 ERROR: Program context is undefined
  SevError(2) : dtacell.cpp : 559
13:24:14.417 ERROR: Operation succeeded
  SevError(2) : programcontext.cpp : 5208
13:24:14.417 ERROR: Program context is undefined
  SevError(2) : dtacell.cpp : 559
13:24:14.417 ERROR: Operation succeeded
  SevError(2) : programcontext.cpp : 5208
13:24:14.419 ERROR: Program context is undefined
  SevError(2) : dtacell.cpp : 559
13:24:14.419 ERROR: Operation succeeded
  SevError(2) : programcontext.cpp : 5208
13:24:14.420 ERROR: Program context is undefined
  SevError(2) : dtacell.cpp : 559
13:24:14.420 ERROR: Operation succeeded
  SevError(2) : programcontext.cpp : 5208
13:24:14.423 ERROR: Program context is undefined
  SevError(2) : dtacell.cpp : 559
13:24:14.423 ERROR: Operation succeeded
  SevError(2) : programcontext.cpp : 5208
13:24:14.423 ERROR: Program context is undefined
  SevError(2) : dtacell.cpp : 559
13:24:14.423 ERROR: Operation succeeded
  SevError(2) : programcontext.cpp : 5208
13:24:14.427 WARNING: No register with name 'pc' exists: TOSComponent::PopulateRegisterData
  SevWarning(1) : scregaccess.cpp : 3817
13:24:14.427 WARNING: No register with name 'pc' exists: TOSComponent::PopulateRegisterData
  SevWarning(1) : scregaccess.cpp : 3817
13:24:14.427 WARNING: No register with name 'pc' exists
  SevWarning(1) : scregaccess.cpp : 3817
13:24:14.427 WARNING: No register with name 'FPRegisterAccess' exists: TOSComponent::PopulateRegisterData
  SevWarning(1) : scregaccess.cpp : 3817
13:24:14.427 WARNING: No register with name 'FPRegisterAccess' exists: TOSComponent::PopulateRegisterData
  SevWarning(1) : scregaccess.cpp : 3817
13:24:14.427 WARNING: No register with name 'FPRegisterAccess' exists
  SevWarning(1) : scregaccess.cpp : 3817
13:24:14.427 WARNING: No register with name 'GetFeatures' exists: TOSComponent::PopulateRegisterData
  SevWarning(1) : scregaccess.cpp : 3817
13:24:14.427 WARNING: No register with name 'GetFeatures' exists: TOSComponent::PopulateRegisterData
  SevWarning(1) : scregaccess.cpp : 3817
13:24:14.427 WARNING: No register with name 'GetFeatures' exists
  SevWarning(1) : scregaccess.cpp : 3817
13:24:14.427 WARNING: No register with name 'EvalEdxFxsr' exists: TOSComponent::PopulateRegisterData
  SevWarning(1) : scregaccess.cpp : 3817
13:24:14.427 WARNING: No register with name 'EvalEdxFxsr' exists: TOSComponent::PopulateRegisterData
  SevWarning(1) : scregaccess.cpp : 3817
13:24:14.427 WARNING: No register with name 'EvalEdxFxsr' exists
  SevWarning(1) : scregaccess.cpp : 3817
13:24:14.427 WARNING: No register with name 'EvalEcxXSaveAvx' exists: TOSComponent::PopulateRegisterData
  SevWarning(1) : scregaccess.cpp : 3817
13:24:14.427 WARNING: No register with name 'EvalEcxXSaveAvx' exists: TOSComponent::PopulateRegisterData
  SevWarning(1) : scregaccess.cpp : 3817
13:24:14.427 WARNING: No register with name 'EvalEcxXSaveAvx' exists
  SevWarning(1) : scregaccess.cpp : 3817
13:24:14.430 ERROR: Internal Error: Target connected notice when not connecting
  SevInternalError(4) : contextstatemanagerimpl.cpp : 533
13:24:14.431 ERROR: Operation succeeded
  SevError(2) : programcontext.cpp : 5208
13:24:14.476 ERROR: Program context is undefined
  SevError(2) : dtacell.cpp : 559
13:24:14.476 ERROR: Operation succeeded
  SevError(2) : programcontext.cpp : 5208
13:24:14.497 ERROR: Program context is undefined
  SevError(2) : dtacell.cpp : 559
13:24:14.497 ERROR: Operation succeeded
  SevError(2) : programcontext.cpp : 5208
13:24:14.497 ERROR: Program context is undefined
  SevError(2) : dtacell.cpp : 559
13:24:14.497 ERROR: Operation succeeded
  SevError(2) : programcontext.cpp : 5208
13:24:14.497 ERROR: Program context is undefined
  SevError(2) : dtacell.cpp : 559
13:24:14.497 ERROR: Operation succeeded
  SevError(2) : programcontext.cpp : 5208
13:24:14.502 ERROR: Program context is undefined
  SevError(2) : dtacell.cpp : 559
13:24:14.502 ERROR: Operation succeeded
  SevError(2) : programcontext.cpp : 5208
13:24:14.503 ERROR: Program context is undefined
  SevError(2) : dtacell.cpp : 559
13:24:14.503 ERROR: Operation succeeded
  SevError(2) : programcontext.cpp : 5208
13:24:14.503 ERROR: Program context is undefined
  SevError(2) : dtacell.cpp : 559
13:24:14.503 ERROR: Operation succeeded
  SevError(2) : programcontext.cpp : 5208
13:24:14.503 ERROR: Program context is undefined
  SevError(2) : dtacell.cpp : 559
13:24:14.503 ERROR: Operation succeeded
  SevError(2) : programcontext.cpp : 5208
13:24:14.504 ERROR: Program context is undefined
  SevError(2) : dtacell.cpp : 559
13:24:14.504 ERROR: Operation succeeded
  SevError(2) : programcontext.cpp : 5208
13:24:14.505 ERROR: Program context is undefined
  SevError(2) : dtacell.cpp : 559
13:24:14.505 ERROR: Operation succeeded
  SevError(2) : programcontext.cpp : 5208
13:24:14.505 ERROR: Program context is undefined
  SevError(2) : dtacell.cpp : 559
13:24:14.505 ERROR: Operation succeeded
  SevError(2) : programcontext.cpp : 5208
13:24:14.505 ERROR: Program context is undefined
  SevError(2) : dtacell.cpp : 559
13:24:14.506 ERROR: Operation succeeded
  SevError(2) : programcontext.cpp : 5208
13:24:14.506 ERROR: Program context is undefined
  SevError(2) : dtacell.cpp : 559
13:24:14.506 ERROR: Operation succeeded
  SevError(2) : programcontext.cpp : 5208
13:24:14.506 ERROR: Program context is undefined
  SevError(2) : dtacell.cpp : 559
13:24:14.506 ERROR: Operation succeeded
  SevError(2) : programcontext.cpp : 5208
13:24:14.506 ERROR: Program context is undefined
  SevError(2) : dtacell.cpp : 559
13:24:14.506 ERROR: Operation succeeded
  SevError(2) : programcontext.cpp : 5208
13:24:14.506 ERROR: Program context is undefined
  SevError(2) : dtacell.cpp : 559
13:24:14.506 ERROR: Operation succeeded
  SevError(2) : programcontext.cpp : 5208
13:24:14.506 ERROR: Program context is undefined
  SevError(2) : dtacell.cpp : 559
13:24:14.506 ERROR: Operation succeeded
  SevError(2) : programcontext.cpp : 5208
13:24:14.506 ERROR: Program context is undefined
  SevError(2) : dtacell.cpp : 559
13:24:14.506 ERROR: Operation succeeded
  SevError(2) : programcontext.cpp : 5208
13:24:14.506 ERROR: Program context is undefined
  SevError(2) : dtacell.cpp : 559
13:24:14.506 ERROR: Operation succeeded
  SevError(2) : programcontext.cpp : 5208
13:24:14.508 ERROR: Program context is undefined
  SevError(2) : dtacell.cpp : 559
13:24:14.508 ERROR: Operation succeeded
  SevError(2) : programcontext.cpp : 5208
13:24:14.527 ERROR: Program context is undefined
  SevError(2) : dtacell.cpp : 559
13:24:14.527 ERROR: Operation succeeded
  SevError(2) : programcontext.cpp : 5208
13:24:14.528 ERROR: Program context is undefined
  SevError(2) : dtacell.cpp : 559
13:24:14.528 ERROR: Operation succeeded
  SevError(2) : programcontext.cpp : 5208
13:24:14.529 ERROR: Program context is undefined
  SevError(2) : dtacell.cpp : 559
13:24:14.529 ERROR: Operation succeeded
  SevError(2) : programcontext.cpp : 5208
13:24:14.529 ERROR: Program context is undefined
  SevError(2) : dtacell.cpp : 559
13:24:14.529 ERROR: Operation succeeded
  SevError(2) : programcontext.cpp : 5208
13:24:14.529 ERROR: Program context is undefined
  SevError(2) : dtacell.cpp : 559
13:24:14.529 ERROR: Operation succeeded
  SevError(2) : programcontext.cpp : 5208
13:24:14.617 ERROR: Program context is undefined
  SevError(2) : dtacell.cpp : 559
13:24:14.618 ERROR: Operation succeeded
  SevError(2) : programcontext.cpp : 5208
13:24:14.626 ERROR: Program context is undefined
  SevError(2) : dtacell.cpp : 559
13:24:14.626 ERROR: Operation succeeded
  SevError(2) : programcontext.cpp : 5208
13:24:14.626 ERROR: Program context is undefined
  SevError(2) : dtacell.cpp : 559
13:24:14.626 ERROR: Operation succeeded
  SevError(2) : programcontext.cpp : 5208
13:24:14.676 ERROR: Program context is undefined
  SevError(2) : dtacell.cpp : 559
13:24:14.676 ERROR: Operation succeeded
  SevError(2) : programcontext.cpp : 5208
13:24:14.688 ERROR: Program context is undefined
  SevError(2) : dtacell.cpp : 559
13:24:14.688 ERROR: Operation succeeded
  SevError(2) : programcontext.cpp : 5208
13:24:14.688 ERROR: Program context is undefined
  SevError(2) : dtacell.cpp : 559
13:24:14.688 ERROR: Operation succeeded
  SevError(2) : programcontext.cpp : 5208
13:24:14.722 ERROR: Program context is undefined
  SevError(2) : dtacell.cpp : 559
13:24:14.722 ERROR: Operation succeeded
  SevError(2) : programcontext.cpp : 5208
13:24:14.722 ERROR: Program context is undefined
  SevError(2) : dtacell.cpp : 559
13:24:14.722 ERROR: Operation succeeded
  SevError(2) : programcontext.cpp : 5208
13:24:14.722 ERROR: Program context is undefined
  SevError(2) : dtacell.cpp : 559
13:24:14.722 ERROR: Operation succeeded
  SevError(2) : programcontext.cpp : 5208
13:24:14.722 ERROR: Program context is undefined
  SevError(2) : dtacell.cpp : 559
13:24:14.722 ERROR: Operation succeeded
  SevError(2) : programcontext.cpp : 5208
13:24:14.722 ERROR: Program context is undefined
  SevError(2) : dtacell.cpp : 559
13:24:14.722 ERROR: Operation succeeded
  SevError(2) : programcontext.cpp : 5208
13:24:14.722 ERROR: Program context is undefined
  SevError(2) : dtacell.cpp : 559
13:24:14.722 ERROR: Operation succeeded
  SevError(2) : programcontext.cpp : 5208
13:24:14.723 ERROR: Program context is undefined
  SevError(2) : dtacell.cpp : 559
13:24:14.723 ERROR: Operation succeeded
  SevError(2) : programcontext.cpp : 5208
13:24:14.723 ERROR: Program context is undefined
  SevError(2) : dtacell.cpp : 559
13:24:14.723 ERROR: Operation succeeded
  SevError(2) : programcontext.cpp : 5208
13:24:14.723 ERROR: Program context is undefined
  SevError(2) : dtacell.cpp : 559
13:24:14.723 ERROR: Operation succeeded
  SevError(2) : programcontext.cpp : 5208
13:24:14.723 ERROR: Program context is undefined
  SevError(2) : dtacell.cpp : 559
13:24:14.723 ERROR: Operation succeeded
  SevError(2) : programcontext.cpp : 5208
13:24:14.723 ERROR: Program context is undefined
  SevError(2) : dtacell.cpp : 559
13:24:14.723 ERROR: Operation succeeded
  SevError(2) : programcontext.cpp : 5208
13:24:14.723 ERROR: Program context is undefined
  SevError(2) : dtacell.cpp : 559
13:24:14.723 ERROR: Operation succeeded
  SevError(2) : programcontext.cpp : 5208
13:24:14.723 ERROR: Program context is undefined
  SevError(2) : dtacell.cpp : 559
13:24:14.723 ERROR: Operation succeeded
  SevError(2) : programcontext.cpp : 5208
13:24:14.724 ERROR: Program context is undefined
  SevError(2) : dtacell.cpp : 559
13:24:14.724 ERROR: Operation succeeded
  SevError(2) : programcontext.cpp : 5208
13:24:14.724 ERROR: Program context is undefined
  SevError(2) : dtacell.cpp : 559
13:24:14.724 ERROR: Operation succeeded
  SevError(2) : programcontext.cpp : 5208
13:24:14.731 ERROR: Program context is undefined
  SevError(2) : dtacell.cpp : 559
13:24:14.731 ERROR: Operation succeeded
  SevError(2) : programcontext.cpp : 5208
13:24:14.732 ERROR: Operation succeeded
  SevError(2) : programcontext.cpp : 5208
13:24:14.734 ERROR: Program context is undefined
  SevError(2) : dtacell.cpp : 559
13:24:14.734 ERROR: Operation succeeded
  SevError(2) : programcontext.cpp : 5208
13:24:14.734 ERROR: Program context is undefined
  SevError(2) : dtacell.cpp : 559
13:24:14.734 ERROR: Operation succeeded
  SevError(2) : programcontext.cpp : 5208
13:24:14.734 ERROR: Program context is undefined
  SevError(2) : dtacell.cpp : 559
13:24:14.734 ERROR: Operation succeeded
  SevError(2) : programcontext.cpp : 5208
13:24:14.734 ERROR: Program context is undefined
  SevError(2) : dtacell.cpp : 559
13:24:14.734 ERROR: Operation succeeded
  SevError(2) : programcontext.cpp : 5208
13:24:14.734 ERROR: Program context is undefined
  SevError(2) : dtacell.cpp : 559
13:24:14.734 ERROR: Operation succeeded
  SevError(2) : programcontext.cpp : 5208
13:24:14.735 ERROR: Program context is undefined
  SevError(2) : dtacell.cpp : 559
13:24:14.735 ERROR: Operation succeeded
  SevError(2) : programcontext.cpp : 5208
13:24:14.735 ERROR: Program context is undefined
  SevError(2) : dtacell.cpp : 559
13:24:14.735 ERROR: Operation succeeded
  SevError(2) : programcontext.cpp : 5208
13:24:14.735 ERROR: Program context is undefined
  SevError(2) : dtacell.cpp : 559
13:24:14.735 ERROR: Operation succeeded
  SevError(2) : programcontext.cpp : 5208
13:24:14.735 ERROR: Program context is undefined
  SevError(2) : dtacell.cpp : 559
13:24:14.735 ERROR: Operation succeeded
  SevError(2) : programcontext.cpp : 5208
13:24:14.735 ERROR: Program context is undefined
  SevError(2) : dtacell.cpp : 559
13:24:14.735 ERROR: Operation succeeded
  SevError(2) : programcontext.cpp : 5208
13:24:14.735 ERROR: Program context is undefined
  SevError(2) : dtacell.cpp : 559
13:24:14.735 ERROR: Operation succeeded
  SevError(2) : programcontext.cpp : 5208
13:24:14.735 ERROR: Program context is undefined
  SevError(2) : dtacell.cpp : 559
13:24:14.735 ERROR: Operation succeeded
  SevError(2) : programcontext.cpp : 5208
13:24:14.735 ERROR: Program context is undefined
  SevError(2) : dtacell.cpp : 559
