DFW status and trace log : Tue Oct  8 18:00:26 2019

18:00:26.316 ERROR: no id specified
  SevError(2) : programcontext.cpp : 5665
18:00:26.322 ERROR: target definition defaultTarget has not been created
  Protocol Component : SevError(2) : targetdefinitionmanager.cpp : 5161
DFW status and trace log : Tue Oct  8 18:52:39 2019

18:52:39.812 ERROR: Node 'TargetDefns' does not have a child name 'vxsim0': StdStructContainerInfoNode1::evalNodeChild
  Protocol Component : SevError(2) : infonodehelper.hpp : 1645
18:52:39.813 ERROR: Node 'TargetDefns' does not have a child name 'vxsim0'
  Protocol Component : SevError(2) : infonodehelper.hpp : 1645
18:52:39.817 ERROR: no id specified
  SevError(2) : programcontext.cpp : 5665
18:52:39.925 ERROR: Could not find Processor or OS
  SevError(2) : TOSplugincommon.cpp : 2597
18:52:39.931 ERROR: Could not find Processor or OS
  SevError(2) : TOSplugincommon.cpp : 2597
18:52:39.937 ERROR: Could not find Processor or OS
  SevError(2) : TOSplugincommon.cpp : 2597
18:52:39.942 ERROR: Could not find Processor or OS
  SevError(2) : TOSplugincommon.cpp : 2597
18:52:39.947 ERROR: Could not find Processor or OS
  SevError(2) : TOSplugincommon.cpp : 2597
18:52:39.952 ERROR: Could not find Processor or OS
  SevError(2) : TOSplugincommon.cpp : 2597
18:52:39.957 ERROR: Could not find Processor or OS
  SevError(2) : TOSplugincommon.cpp : 2597
18:52:39.962 ERROR: Could not find Processor or OS
  SevError(2) : TOSplugincommon.cpp : 2597
18:52:39.967 ERROR: Could not find Processor or OS
  SevError(2) : TOSplugincommon.cpp : 2597
18:52:39.972 ERROR: Could not find Processor or OS
  SevError(2) : TOSplugincommon.cpp : 2597
18:52:39.977 ERROR: Could not find Processor or OS
  SevError(2) : TOSplugincommon.cpp : 2597
18:52:39.982 ERROR: Could not find Processor or OS
  SevError(2) : TOSplugincommon.cpp : 2597
18:52:39.987 ERROR: Could not find Processor or OS
  SevError(2) : TOSplugincommon.cpp : 2597
18:52:39.993 ERROR: Could not find Processor or OS
  SevError(2) : TOSplugincommon.cpp : 2597
18:52:39.998 ERROR: Could not find Processor or OS
  SevError(2) : TOSplugincommon.cpp : 2597
18:52:40.004 ERROR: Could not find Processor or OS
  SevError(2) : TOSplugincommon.cpp : 2597
18:52:40.009 ERROR: Could not find Processor or OS
  SevError(2) : TOSplugincommon.cpp : 2597
18:52:40.014 ERROR: Could not find Processor or OS
  SevError(2) : TOSplugincommon.cpp : 2597
18:52:40.020 ERROR: no id specified
  SevError(2) : programcontext.cpp : 5665
18:52:40.021 ERROR: no id specified
  SevError(2) : programcontext.cpp : 5665
18:52:40.028 ERROR: Invalid core (CPU) id
  SevError(2) : tccoreinfo.cpp : 849
18:52:40.095 ERROR: Unsupported function call: TargetPluginAPI::GetTraceInfo
  SevError(2) : tccallwrappers.cpp : 4517
18:52:40.103 ERROR: Operation succeeded
  SevError(2) : programcontext.cpp : 5208
18:52:40.103 ERROR: Program context is undefined
  SevError(2) : dtacell.cpp : 559
18:52:40.103 ERROR: Operation succeeded
  SevError(2) : programcontext.cpp : 5208
18:52:40.263 ERROR: Program context is undefined
  SevError(2) : dtacell.cpp : 559
18:52:40.263 ERROR: Operation succeeded
  SevError(2) : programcontext.cpp : 5208
18:52:40.264 ERROR: Program context is undefined
  SevError(2) : dtacell.cpp : 559
18:52:40.264 ERROR: Operation succeeded
  SevError(2) : programcontext.cpp : 5208
18:52:40.265 ERROR: Program context is undefined
  SevError(2) : dtacell.cpp : 559
18:52:40.265 ERROR: Operation succeeded
  SevError(2) : programcontext.cpp : 5208
18:52:40.265 ERROR: Program context is undefined
  SevError(2) : dtacell.cpp : 559
18:52:40.265 ERROR: Operation succeeded
  SevError(2) : programcontext.cpp : 5208
18:52:40.266 ERROR: Program context is undefined
  SevError(2) : dtacell.cpp : 559
18:52:40.266 ERROR: Operation succeeded
  SevError(2) : programcontext.cpp : 5208
18:52:40.266 ERROR: Program context is undefined
  SevError(2) : dtacell.cpp : 559
18:52:40.266 ERROR: Operation succeeded
  SevError(2) : programcontext.cpp : 5208
18:52:40.268 ERROR: Program context is undefined
  SevError(2) : dtacell.cpp : 559
18:52:40.268 ERROR: Operation succeeded
  SevError(2) : programcontext.cpp : 5208
18:52:40.269 ERROR: Program context is undefined
  SevError(2) : dtacell.cpp : 559
18:52:40.269 ERROR: Operation succeeded
  SevError(2) : programcontext.cpp : 5208
18:52:40.272 ERROR: Program context is undefined
  SevError(2) : dtacell.cpp : 559
18:52:40.272 ERROR: Operation succeeded
  SevError(2) : programcontext.cpp : 5208
18:52:40.272 ERROR: Program context is undefined
  SevError(2) : dtacell.cpp : 559
18:52:40.272 ERROR: Operation succeeded
  SevError(2) : programcontext.cpp : 5208
18:52:40.274 WARNING: No register with name 'pc' exists: TOSComponent::PopulateRegisterData
  SevWarning(1) : scregaccess.cpp : 3817
18:52:40.274 WARNING: No register with name 'pc' exists: TOSComponent::PopulateRegisterData
  SevWarning(1) : scregaccess.cpp : 3817
18:52:40.274 WARNING: No register with name 'pc' exists
  SevWarning(1) : scregaccess.cpp : 3817
18:52:40.274 WARNING: No register with name 'FPRegisterAccess' exists: TOSComponent::PopulateRegisterData
  SevWarning(1) : scregaccess.cpp : 3817
18:52:40.274 WARNING: No register with name 'FPRegisterAccess' exists: TOSComponent::PopulateRegisterData
  SevWarning(1) : scregaccess.cpp : 3817
18:52:40.274 WARNING: No register with name 'FPRegisterAccess' exists
  SevWarning(1) : scregaccess.cpp : 3817
18:52:40.274 WARNING: No register with name 'GetFeatures' exists: TOSComponent::PopulateRegisterData
  SevWarning(1) : scregaccess.cpp : 3817
18:52:40.274 WARNING: No register with name 'GetFeatures' exists: TOSComponent::PopulateRegisterData
  SevWarning(1) : scregaccess.cpp : 3817
18:52:40.274 WARNING: No register with name 'GetFeatures' exists
  SevWarning(1) : scregaccess.cpp : 3817
18:52:40.274 WARNING: No register with name 'EvalEdxFxsr' exists: TOSComponent::PopulateRegisterData
  SevWarning(1) : scregaccess.cpp : 3817
18:52:40.274 WARNING: No register with name 'EvalEdxFxsr' exists: TOSComponent::PopulateRegisterData
  SevWarning(1) : scregaccess.cpp : 3817
18:52:40.274 WARNING: No register with name 'EvalEdxFxsr' exists
  SevWarning(1) : scregaccess.cpp : 3817
18:52:40.274 WARNING: No register with name 'EvalEcxXSaveAvx' exists: TOSComponent::PopulateRegisterData
  SevWarning(1) : scregaccess.cpp : 3817
18:52:40.274 WARNING: No register with name 'EvalEcxXSaveAvx' exists: TOSComponent::PopulateRegisterData
  SevWarning(1) : scregaccess.cpp : 3817
18:52:40.275 WARNING: No register with name 'EvalEcxXSaveAvx' exists
  SevWarning(1) : scregaccess.cpp : 3817
18:52:40.278 ERROR: Operation succeeded
  SevError(2) : programcontext.cpp : 5208
18:52:40.316 ERROR: Program context is undefined
  SevError(2) : dtacell.cpp : 559
18:52:40.316 ERROR: Operation succeeded
  SevError(2) : programcontext.cpp : 5208
18:52:40.330 ERROR: Program context is undefined
  SevError(2) : dtacell.cpp : 559
18:52:40.330 ERROR: Operation succeeded
  SevError(2) : programcontext.cpp : 5208
18:52:40.330 ERROR: Program context is undefined
  SevError(2) : dtacell.cpp : 559
18:52:40.330 ERROR: Operation succeeded
  SevError(2) : programcontext.cpp : 5208
18:52:40.330 ERROR: Program context is undefined
  SevError(2) : dtacell.cpp : 559
18:52:40.330 ERROR: Operation succeeded
  SevError(2) : programcontext.cpp : 5208
18:52:40.331 ERROR: Internal Error: Target connected notice when not connecting
  SevInternalError(4) : contextstatemanagerimpl.cpp : 533
18:52:40.334 ERROR: Program context is undefined
  SevError(2) : dtacell.cpp : 559
18:52:40.334 ERROR: Operation succeeded
  SevError(2) : programcontext.cpp : 5208
18:52:40.335 ERROR: Program context is undefined
  SevError(2) : dtacell.cpp : 559
18:52:40.335 ERROR: Operation succeeded
  SevError(2) : programcontext.cpp : 5208
18:52:40.335 ERROR: Program context is undefined
  SevError(2) : dtacell.cpp : 559
18:52:40.335 ERROR: Operation succeeded
  SevError(2) : programcontext.cpp : 5208
18:52:40.335 ERROR: Program context is undefined
  SevError(2) : dtacell.cpp : 559
18:52:40.335 ERROR: Operation succeeded
  SevError(2) : programcontext.cpp : 5208
18:52:40.336 ERROR: Program context is undefined
  SevError(2) : dtacell.cpp : 559
18:52:40.336 ERROR: Operation succeeded
  SevError(2) : programcontext.cpp : 5208
18:52:40.337 ERROR: Program context is undefined
  SevError(2) : dtacell.cpp : 559
18:52:40.337 ERROR: Operation succeeded
  SevError(2) : programcontext.cpp : 5208
18:52:40.338 ERROR: Program context is undefined
  SevError(2) : dtacell.cpp : 559
18:52:40.338 ERROR: Operation succeeded
  SevError(2) : programcontext.cpp : 5208
18:52:40.338 ERROR: Program context is undefined
  SevError(2) : dtacell.cpp : 559
18:52:40.338 ERROR: Operation succeeded
  SevError(2) : programcontext.cpp : 5208
18:52:40.338 ERROR: Program context is undefined
  SevError(2) : dtacell.cpp : 559
18:52:40.338 ERROR: Operation succeeded
  SevError(2) : programcontext.cpp : 5208
18:52:40.338 ERROR: Program context is undefined
  SevError(2) : dtacell.cpp : 559
18:52:40.338 ERROR: Operation succeeded
  SevError(2) : programcontext.cpp : 5208
18:52:40.338 ERROR: Program context is undefined
  SevError(2) : dtacell.cpp : 559
18:52:40.338 ERROR: Operation succeeded
  SevError(2) : programcontext.cpp : 5208
18:52:40.338 ERROR: Program context is undefined
  SevError(2) : dtacell.cpp : 559
18:52:40.338 ERROR: Operation succeeded
  SevError(2) : programcontext.cpp : 5208
18:52:40.338 ERROR: Program context is undefined
  SevError(2) : dtacell.cpp : 559
18:52:40.338 ERROR: Operation succeeded
  SevError(2) : programcontext.cpp : 5208
18:52:40.338 ERROR: Program context is undefined
  SevError(2) : dtacell.cpp : 559
18:52:40.338 ERROR: Operation succeeded
  SevError(2) : programcontext.cpp : 5208
18:52:40.338 ERROR: Program context is undefined
  SevError(2) : dtacell.cpp : 559
18:52:40.338 ERROR: Operation succeeded
  SevError(2) : programcontext.cpp : 5208
18:52:40.340 ERROR: Program context is undefined
  SevError(2) : dtacell.cpp : 559
18:52:40.340 ERROR: Operation succeeded
  SevError(2) : programcontext.cpp : 5208
18:52:40.354 ERROR: Program context is undefined
  SevError(2) : dtacell.cpp : 559
18:52:40.354 ERROR: Operation succeeded
  SevError(2) : programcontext.cpp : 5208
18:52:40.356 ERROR: Program context is undefined
  SevError(2) : dtacell.cpp : 559
18:52:40.356 ERROR: Operation succeeded
  SevError(2) : programcontext.cpp : 5208
18:52:40.356 ERROR: Program context is undefined
  SevError(2) : dtacell.cpp : 559
18:52:40.356 ERROR: Operation succeeded
  SevError(2) : programcontext.cpp : 5208
18:52:40.356 ERROR: Program context is undefined
  SevError(2) : dtacell.cpp : 559
18:52:40.356 ERROR: Operation succeeded
  SevError(2) : programcontext.cpp : 5208
18:52:40.356 ERROR: Program context is undefined
  SevError(2) : dtacell.cpp : 559
18:52:40.356 ERROR: Operation succeeded
  SevError(2) : programcontext.cpp : 5208
18:52:40.373 ERROR: Program context is undefined
  SevError(2) : dtacell.cpp : 559
18:52:40.373 ERROR: Operation succeeded
  SevError(2) : programcontext.cpp : 5208
18:52:41.033 ERROR: Program context is undefined
  SevError(2) : dtacell.cpp : 559
18:52:41.033 ERROR: Operation succeeded
  SevError(2) : programcontext.cpp : 5208
18:52:41.034 ERROR: Program context is undefined
  SevError(2) : dtacell.cpp : 559
18:52:41.034 ERROR: Operation succeeded
  SevError(2) : programcontext.cpp : 5208
18:52:41.034 ERROR: Program context is undefined
  SevError(2) : dtacell.cpp : 559
18:52:41.034 ERROR: Operation succeeded
  SevError(2) : programcontext.cpp : 5208
18:52:41.035 ERROR: Program context is undefined
  SevError(2) : dtacell.cpp : 559
18:52:41.035 ERROR: Operation succeeded
  SevError(2) : programcontext.cpp : 5208
18:52:41.047 ERROR: Program context is undefined
  SevError(2) : dtacell.cpp : 559
18:52:41.048 ERROR: Operation succeeded
  SevError(2) : programcontext.cpp : 5208
18:52:41.059 ERROR: Program context is undefined
  SevError(2) : dtacell.cpp : 559
18:52:41.059 ERROR: Operation succeeded
  SevError(2) : programcontext.cpp : 5208
18:52:41.059 ERROR: Program context is undefined
  SevError(2) : dtacell.cpp : 559
18:52:41.059 ERROR: Operation succeeded
  SevError(2) : programcontext.cpp : 5208
18:52:41.070 ERROR: Program context is undefined
  SevError(2) : dtacell.cpp : 559
18:52:41.070 ERROR: Operation succeeded
  SevError(2) : programcontext.cpp : 5208
18:52:41.078 ERROR: Program context is undefined
  SevError(2) : dtacell.cpp : 559
18:52:41.078 ERROR: Operation succeeded
  SevError(2) : programcontext.cpp : 5208
18:52:41.078 ERROR: Program context is undefined
  SevError(2) : dtacell.cpp : 559
18:52:41.078 ERROR: Operation succeeded
  SevError(2) : programcontext.cpp : 5208
18:52:41.125 ERROR: Program context is undefined
  SevError(2) : dtacell.cpp : 559
18:52:41.125 ERROR: Operation succeeded
  SevError(2) : programcontext.cpp : 5208
18:52:41.125 ERROR: Program context is undefined
  SevError(2) : dtacell.cpp : 559
18:52:41.125 ERROR: Operation succeeded
  SevError(2) : programcontext.cpp : 5208
18:52:41.128 ERROR: Program context is undefined
  SevError(2) : dtacell.cpp : 559
18:52:41.128 ERROR: Operation succeeded
  SevError(2) : programcontext.cpp : 5208
18:52:41.128 ERROR: Program context is undefined
  SevError(2) : dtacell.cpp : 559
18:52:41.128 ERROR: Operation succeeded
  SevError(2) : programcontext.cpp : 5208
18:52:41.128 ERROR: Program context is undefined
  SevError(2) : dtacell.cpp : 559
18:52:41.128 ERROR: Operation succeeded
  SevError(2) : programcontext.cpp : 5208
18:52:41.128 ERROR: Program context is undefined
  SevError(2) : dtacell.cpp : 559
18:52:41.129 ERROR: Operation succeeded
  SevError(2) : programcontext.cpp : 5208
18:52:41.129 ERROR: Program context is undefined
  SevError(2) : dtacell.cpp : 559
18:52:41.129 ERROR: Operation succeeded
  SevError(2) : programcontext.cpp : 5208
18:52:41.129 ERROR: Program context is undefined
  SevError(2) : dtacell.cpp : 559
18:52:41.129 ERROR: Operation succeeded
  SevError(2) : programcontext.cpp : 5208
18:52:41.129 ERROR: Program context is undefined
  SevError(2) : dtacell.cpp : 559
18:52:41.129 ERROR: Operation succeeded
  SevError(2) : programcontext.cpp : 5208
18:52:41.129 ERROR: Program context is undefined
  SevError(2) : dtacell.cpp : 559
18:52:41.129 ERROR: Operation succeeded
  SevError(2) : programcontext.cpp : 5208
18:52:41.129 ERROR: Program context is undefined
  SevError(2) : dtacell.cpp : 559
18:52:41.129 ERROR: Operation succeeded
  SevError(2) : programcontext.cpp : 5208
18:52:41.129 ERROR: Program context is undefined
  SevError(2) : dtacell.cpp : 559
18:52:41.129 ERROR: Operation succeeded
  SevError(2) : programcontext.cpp : 5208
18:52:41.129 ERROR: Program context is undefined
  SevError(2) : dtacell.cpp : 559
18:52:41.129 ERROR: Operation succeeded
  SevError(2) : programcontext.cpp : 5208
18:52:41.129 ERROR: Program context is undefined
  SevError(2) : dtacell.cpp : 559
18:52:41.129 ERROR: Operation succeeded
  SevError(2) : programcontext.cpp : 5208
18:52:41.129 ERROR: Program context is undefined
  SevError(2) : dtacell.cpp : 559
18:52:41.129 ERROR: Operation succeeded
  SevError(2) : programcontext.cpp : 5208
18:52:41.129 ERROR: Program context is undefined
  SevError(2) : dtacell.cpp : 559
18:52:41.129 ERROR: Operation succeeded
  SevError(2) : programcontext.cpp : 5208
18:52:41.130 ERROR: Program context is undefined
  SevError(2) : dtacell.cpp : 559
18:52:41.130 ERROR: Operation succeeded
  SevError(2) : programcontext.cpp : 5208
18:52:41.130 ERROR: Program context is undefined
  SevError(2) : dtacell.cpp : 559
18:52:41.130 ERROR: Operation succeeded
  SevError(2) : programcontext.cpp : 5208
18:52:41.130 ERROR: Program context is undefined
  SevError(2) : dtacell.cpp : 559
18:52:41.130 ERROR: Operation succeeded
  SevError(2) : programcontext.cpp : 5208
18:52:41.130 ERROR: Program context is undefined
  SevError(2) : dtacell.cpp : 559
18:52:41.130 ERROR: Operation succeeded
  SevError(2) : programcontext.cpp : 5208
18:52:41.130 ERROR: Program context is undefined
  SevError(2) : dtacell.cpp : 559
18:52:41.130 ERROR: Operation succeeded
  SevError(2) : programcontext.cpp : 5208
18:52:41.136 ERROR: Program context is undefined
  SevError(2) : dtacell.cpp : 559
18:52:41.136 ERROR: Operation succeeded
  SevError(2) : programcontext.cpp : 5208
18:52:41.137 ERROR: Program context is undefined
  SevError(2) : dtacell.cpp : 559
18:52:41.137 ERROR: Operation succeeded
  SevError(2) : programcontext.cpp : 5208
18:52:41.138 ERROR: Program context is undefined
  SevError(2) : dtacell.cpp : 559
18:52:41.138 ERROR: Operation succeeded
  SevError(2) : programcontext.cpp : 5208
18:52:41.138 ERROR: Program context is undefined
  SevError(2) : dtacell.cpp : 559
18:52:41.138 ERROR: Operation succeeded
  SevError(2) : programcontext.cpp : 5208
18:52:41.138 ERROR: Program context is undefined
  SevError(2) : dtacell.cpp : 559
18:52:41.138 ERROR: Operation succeeded
  SevError(2) : programcontext.cpp : 5208
18:52:41.140 ERROR: Program context is undefined
  SevError(2) : dtacell.cpp : 559
18:52:41.140 ERROR: Operation succeeded
  SevError(2) : programcontext.cpp : 5208
18:52:41.168 ERROR: Program context is undefined
  SevError(2) : dtacell.cpp : 559
18:52:41.168 ERROR: Operation succeeded
  SevError(2) : programcontext.cpp : 5208
18:53:11.397 ERROR: Program context is undefined
  SevError(2) : dtacell.cpp : 559
18:53:11.397 ERROR: Operation succeeded
  SevError(2) : programcontext.cpp : 5208
18:53:11.416 ERROR: Program context is undefined
  SevError(2) : dtacell.cpp : 559
18:53:11.416 ERROR: Operation succeeded
  SevError(2) : programcontext.cpp : 5208
18:53:11.416 ERROR: Program context is undefined
  SevError(2) : dtacell.cpp : 559
18:53:11.416 ERROR: Operation succeeded
  SevError(2) : programcontext.cpp : 5208
18:53:11.419 ERROR: Program context is undefined
  SevError(2) : dtacell.cpp : 559
18:53:11.419 ERROR: Operation succeeded
  SevError(2) : programcontext.cpp : 5208
18:53:11.422 ERROR: Program context is undefined
  SevError(2) : dtacell.cpp : 559
18:53:11.422 ERROR: Operation succeeded
  SevError(2) : programcontext.cpp : 5208
18:53:11.425 ERROR: Program context is undefined
  SevError(2) : dtacell.cpp : 559
18:53:11.425 ERROR: Operation succeeded
  SevError(2) : programcontext.cpp : 5208
18:53:11.428 ERROR: Program context is undefined
  SevError(2) : dtacell.cpp : 559
18:53:11.428 ERROR: Operation succeeded
  SevError(2) : programcontext.cpp : 5208
18:53:11.430 ERROR: Program context is undefined
  SevError(2) : dtacell.cpp : 559
18:53:11.430 ERROR: Operation succeeded
  SevError(2) : programcontext.cpp : 5208
18:53:11.432 ERROR: Program context is undefined
  SevError(2) : dtacell.cpp : 559
18:53:11.432 ERROR: Operation succeeded
  SevError(2) : programcontext.cpp : 5208
18:53:11.434 ERROR: Program context is undefined
  SevError(2) : dtacell.cpp : 559
18:53:11.434 ERROR: Operation succeeded
  SevError(2) : programcontext.cpp : 5208
18:53:11.436 ERROR: Program context is undefined
  SevError(2) : dtacell.cpp : 559
18:53:11.436 ERROR: Operation succeeded
  SevError(2) : programcontext.cpp : 5208
18:53:11.438 ERROR: Program context is undefined
  SevError(2) : dtacell.cpp : 559
18:53:11.438 ERROR: Operation succeeded
  SevError(2) : programcontext.cpp : 5208
18:53:11.440 ERROR: Program context is undefined
  SevError(2) : dtacell.cpp : 559
18:53:11.440 ERROR: Operation succeeded
  SevError(2) : programcontext.cpp : 5208
18:53:11.443 ERROR: Program context is undefined
  SevError(2) : dtacell.cpp : 559
18:53:11.443 ERROR: Operation succeeded
  SevError(2) : programcontext.cpp : 5208
18:53:11.445 ERROR: Program context is undefined
  SevError(2) : dtacell.cpp : 559
18:53:11.445 ERROR: Operation succeeded
  SevError(2) : programcontext.cpp : 5208
18:53:11.447 ERROR: Program context is undefined
  SevError(2) : dtacell.cpp : 559
18:53:11.447 ERROR: Operation succeeded
  SevError(2) : programcontext.cpp : 5208
18:53:11.449 ERROR: Program context is undefined
  SevError(2) : dtacell.cpp : 559
18:53:11.449 ERROR: Operation succeeded
  SevError(2) : programcontext.cpp : 5208
18:53:11.451 ERROR: Program context is undefined
  SevError(2) : dtacell.cpp : 559
18:53:11.451 ERROR: Operation succeeded
  SevError(2) : programcontext.cpp : 5208
18:53:17.432 ERROR: Program context is undefined
  SevError(2) : dtacell.cpp : 559
18:53:17.432 ERROR: Operation succeeded
  SevError(2) : programcontext.cpp : 5208
18:53:17.432 ERROR: Program context is undefined
  SevError(2) : dtacell.cpp : 559
18:53:17.432 ERROR: Operation succeeded
  SevError(2) : programcontext.cpp : 5208
18:53:17.433 ERROR: Program context is undefined
  SevError(2) : dtacell.cpp : 559
18:53:17.433 ERROR: Operation succeeded
  SevError(2) : programcontext.cpp : 5208
18:53:17.433 ERROR: Program context is undefined
  SevError(2) : dtacell.cpp : 559
18:53:17.433 ERROR: Operation succeeded
  SevError(2) : programcontext.cpp : 5208
18:53:17.446 ERROR: Program context is undefined
  SevError(2) : dtacell.cpp : 559
18:53:17.446 ERROR: Operation succeeded
  SevError(2) : programcontext.cpp : 5208
18:53:17.459 ERROR: Program context is undefined
  SevError(2) : dtacell.cpp : 559
18:53:17.459 ERROR: Operation succeeded
  SevError(2) : programcontext.cpp : 5208
18:53:17.467 ERROR: Program context is undefined
  SevError(2) : dtacell.cpp : 559
18:53:17.467 ERROR: Operation succeeded
  SevError(2) : programcontext.cpp : 5208
18:53:17.478 ERROR: Program context is undefined
  SevError(2) : dtacell.cpp : 559
18:53:17.478 ERROR: Operation succeeded
  SevError(2) : programcontext.cpp : 5208
18:53:17.521 ERROR: Program context is undefined
  SevError(2) : dtacell.cpp : 559
18:53:17.521 ERROR: Operation succeeded
  SevError(2) : programcontext.cpp : 5208
18:53:17.521 ERROR: Program context is undefined
  SevError(2) : dtacell.cpp : 559
18:53:17.521 ERROR: Operation succeeded
  SevError(2) : programcontext.cpp : 5208
18:53:17.524 ERROR: Program context is undefined
  SevError(2) : dtacell.cpp : 559
18:53:17.524 ERROR: Operation succeeded
  SevError(2) : programcontext.cpp : 5208
18:53:17.524 ERROR: Program context is undefined
  SevError(2) : dtacell.cpp : 559
18:53:17.524 ERROR: Operation succeeded
  SevError(2) : programcontext.cpp : 5208
18:53:17.524 ERROR: Program context is undefined
  SevError(2) : dtacell.cpp : 559
18:53:17.524 ERROR: Operation succeeded
  SevError(2) : programcontext.cpp : 5208
18:53:17.524 ERROR: Program context is undefined
  SevError(2) : dtacell.cpp : 559
18:53:17.524 ERROR: Operation succeeded
  SevError(2) : programcontext.cpp : 5208
18:53:17.525 ERROR: Program context is undefined
  SevError(2) : dtacell.cpp : 559
18:53:17.525 ERROR: Operation succeeded
  SevError(2) : programcontext.cpp : 5208
18:53:17.525 ERROR: Program context is undefined
  SevError(2) : dtacell.cpp : 559
18:53:17.525 ERROR: Operation succeeded
  SevError(2) : programcontext.cpp : 5208
18:53:17.525 ERROR: Program context is undefined
  SevError(2) : dtacell.cpp : 559
18:53:17.525 ERROR: Operation succeeded
  SevError(2) : programcontext.cpp : 5208
18:53:17.525 ERROR: Program context is undefined
  SevError(2) : dtacell.cpp : 559
18:53:17.525 ERROR: Operation succeeded
  SevError(2) : programcontext.cpp : 5208
18:53:17.525 ERROR: Program context is undefined
  SevError(2) : dtacell.cpp : 559
18:53:17.525 ERROR: Operation succeeded
  SevError(2) : programcontext.cpp : 5208
18:53:17.525 ERROR: Program context is undefined
  SevError(2) : dtacell.cpp : 559
18:53:17.525 ERROR: Operation succeeded
  SevError(2) : programcontext.cpp : 5208
18:53:17.525 ERROR: Program context is undefined
  SevError(2) : dtacell.cpp : 559
18:53:17.525 ERROR: Operation succeeded
  SevError(2) : programcontext.cpp : 5208
18:53:17.525 ERROR: Program context is undefined
  SevError(2) : dtacell.cpp : 559
18:53:17.525 ERROR: Operation succeeded
  SevError(2) : programcontext.cpp : 5208
18:53:17.525 ERROR: Program context is undefined
  SevError(2) : dtacell.cpp : 559
18:53:17.525 ERROR: Operation succeeded
  SevError(2) : programcontext.cpp : 5208
18:53:17.525 ERROR: Program context is undefined
  SevError(2) : dtacell.cpp : 559
18:53:17.525 ERROR: Operation succeeded
  SevError(2) : programcontext.cpp : 5208
18:53:17.525 ERROR: Program context is undefined
  SevError(2) : dtacell.cpp : 559
18:53:17.525 ERROR: Operation succeeded
  SevError(2) : programcontext.cpp : 5208
18:53:17.525 ERROR: Program context is undefined
  SevError(2) : dtacell.cpp : 559
18:53:17.525 ERROR: Operation succeeded
  SevError(2) : programcontext.cpp : 5208
18:53:17.525 ERROR: Program context is undefined
  SevError(2) : dtacell.cpp : 559
18:53:17.525 ERROR: Operation succeeded
  SevError(2) : programcontext.cpp : 5208
18:53:17.526 ERROR: Program context is undefined
  SevError(2) : dtacell.cpp : 559
18:53:17.526 ERROR: Operation succeeded
  SevError(2) : programcontext.cpp : 5208
