DFW status and trace log : Tue Oct  8 19:17:17 2019

19:17:17.943 ERROR: no id specified
  SevError(2) : programcontext.cpp : 5665
19:17:17.948 ERROR: target definition defaultTarget has not been created
  Protocol Component : SevError(2) : targetdefinitionmanager.cpp : 5161
DFW status and trace log : Tue Oct  8 19:17:35 2019

19:17:35.044 ERROR: Node 'TargetDefns' does not have a child name 'vxsim0': StdStructContainerInfoNode1::evalNodeChild
  Protocol Component : SevError(2) : infonodehelper.hpp : 1645
19:17:35.045 ERROR: Node 'TargetDefns' does not have a child name 'vxsim0'
  Protocol Component : SevError(2) : infonodehelper.hpp : 1645
19:17:35.051 ERROR: no id specified
  SevError(2) : programcontext.cpp : 5665
19:17:35.156 ERROR: Could not find Processor or OS
  SevError(2) : TOSplugincommon.cpp : 2597
19:17:35.162 ERROR: Could not find Processor or OS
  SevError(2) : TOSplugincommon.cpp : 2597
19:17:35.167 ERROR: Could not find Processor or OS
  SevError(2) : TOSplugincommon.cpp : 2597
19:17:35.173 ERROR: Could not find Processor or OS
  SevError(2) : TOSplugincommon.cpp : 2597
19:17:35.178 ERROR: Could not find Processor or OS
  SevError(2) : TOSplugincommon.cpp : 2597
19:17:35.183 ERROR: Could not find Processor or OS
  SevError(2) : TOSplugincommon.cpp : 2597
19:17:35.188 ERROR: Could not find Processor or OS
  SevError(2) : TOSplugincommon.cpp : 2597
19:17:35.193 ERROR: Could not find Processor or OS
  SevError(2) : TOSplugincommon.cpp : 2597
19:17:35.198 ERROR: Could not find Processor or OS
  SevError(2) : TOSplugincommon.cpp : 2597
19:17:35.203 ERROR: Could not find Processor or OS
  SevError(2) : TOSplugincommon.cpp : 2597
19:17:35.208 ERROR: Could not find Processor or OS
  SevError(2) : TOSplugincommon.cpp : 2597
19:17:35.213 ERROR: Could not find Processor or OS
  SevError(2) : TOSplugincommon.cpp : 2597
19:17:35.218 ERROR: Could not find Processor or OS
  SevError(2) : TOSplugincommon.cpp : 2597
19:17:35.223 ERROR: Could not find Processor or OS
  SevError(2) : TOSplugincommon.cpp : 2597
19:17:35.228 ERROR: Could not find Processor or OS
  SevError(2) : TOSplugincommon.cpp : 2597
19:17:35.233 ERROR: Could not find Processor or OS
  SevError(2) : TOSplugincommon.cpp : 2597
19:17:35.238 ERROR: Could not find Processor or OS
  SevError(2) : TOSplugincommon.cpp : 2597
19:17:35.244 ERROR: Could not find Processor or OS
  SevError(2) : TOSplugincommon.cpp : 2597
19:17:35.250 ERROR: no id specified
  SevError(2) : programcontext.cpp : 5665
19:17:35.250 ERROR: no id specified
  SevError(2) : programcontext.cpp : 5665
19:17:35.256 ERROR: Invalid core (CPU) id
  SevError(2) : tccoreinfo.cpp : 849
19:17:35.323 ERROR: Unsupported function call: TargetPluginAPI::GetTraceInfo
  SevError(2) : tccallwrappers.cpp : 4517
19:17:35.330 ERROR: Operation succeeded
  SevError(2) : programcontext.cpp : 5208
19:17:35.330 ERROR: Program context is undefined
  SevError(2) : dtacell.cpp : 559
19:17:35.330 ERROR: Operation succeeded
  SevError(2) : programcontext.cpp : 5208
19:17:35.490 ERROR: Program context is undefined
  SevError(2) : dtacell.cpp : 559
19:17:35.490 ERROR: Operation succeeded
  SevError(2) : programcontext.cpp : 5208
19:17:35.491 ERROR: Program context is undefined
  SevError(2) : dtacell.cpp : 559
19:17:35.491 ERROR: Operation succeeded
  SevError(2) : programcontext.cpp : 5208
19:17:35.492 ERROR: Program context is undefined
  SevError(2) : dtacell.cpp : 559
19:17:35.492 ERROR: Operation succeeded
  SevError(2) : programcontext.cpp : 5208
19:17:35.492 ERROR: Program context is undefined
  SevError(2) : dtacell.cpp : 559
19:17:35.492 ERROR: Operation succeeded
  SevError(2) : programcontext.cpp : 5208
19:17:35.493 ERROR: Program context is undefined
  SevError(2) : dtacell.cpp : 559
19:17:35.493 ERROR: Operation succeeded
  SevError(2) : programcontext.cpp : 5208
19:17:35.493 ERROR: Program context is undefined
  SevError(2) : dtacell.cpp : 559
19:17:35.493 ERROR: Operation succeeded
  SevError(2) : programcontext.cpp : 5208
19:17:35.495 ERROR: Program context is undefined
  SevError(2) : dtacell.cpp : 559
19:17:35.495 ERROR: Operation succeeded
  SevError(2) : programcontext.cpp : 5208
19:17:35.495 ERROR: Program context is undefined
  SevError(2) : dtacell.cpp : 559
19:17:35.495 ERROR: Operation succeeded
  SevError(2) : programcontext.cpp : 5208
19:17:35.497 ERROR: Program context is undefined
  SevError(2) : dtacell.cpp : 559
19:17:35.497 ERROR: Operation succeeded
  SevError(2) : programcontext.cpp : 5208
19:17:35.498 ERROR: Program context is undefined
  SevError(2) : dtacell.cpp : 559
19:17:35.498 ERROR: Operation succeeded
  SevError(2) : programcontext.cpp : 5208
19:17:35.500 WARNING: No register with name 'pc' exists: TOSComponent::PopulateRegisterData
  SevWarning(1) : scregaccess.cpp : 3817
19:17:35.500 WARNING: No register with name 'pc' exists: TOSComponent::PopulateRegisterData
  SevWarning(1) : scregaccess.cpp : 3817
19:17:35.500 WARNING: No register with name 'pc' exists
  SevWarning(1) : scregaccess.cpp : 3817
19:17:35.500 WARNING: No register with name 'FPRegisterAccess' exists: TOSComponent::PopulateRegisterData
  SevWarning(1) : scregaccess.cpp : 3817
19:17:35.500 WARNING: No register with name 'FPRegisterAccess' exists: TOSComponent::PopulateRegisterData
  SevWarning(1) : scregaccess.cpp : 3817
19:17:35.500 WARNING: No register with name 'FPRegisterAccess' exists
  SevWarning(1) : scregaccess.cpp : 3817
19:17:35.500 WARNING: No register with name 'GetFeatures' exists: TOSComponent::PopulateRegisterData
  SevWarning(1) : scregaccess.cpp : 3817
19:17:35.500 WARNING: No register with name 'GetFeatures' exists: TOSComponent::PopulateRegisterData
  SevWarning(1) : scregaccess.cpp : 3817
19:17:35.500 WARNING: No register with name 'GetFeatures' exists
  SevWarning(1) : scregaccess.cpp : 3817
19:17:35.500 WARNING: No register with name 'EvalEdxFxsr' exists: TOSComponent::PopulateRegisterData
  SevWarning(1) : scregaccess.cpp : 3817
19:17:35.500 WARNING: No register with name 'EvalEdxFxsr' exists: TOSComponent::PopulateRegisterData
  SevWarning(1) : scregaccess.cpp : 3817
19:17:35.500 WARNING: No register with name 'EvalEdxFxsr' exists
  SevWarning(1) : scregaccess.cpp : 3817
19:17:35.500 WARNING: No register with name 'EvalEcxXSaveAvx' exists: TOSComponent::PopulateRegisterData
  SevWarning(1) : scregaccess.cpp : 3817
19:17:35.500 WARNING: No register with name 'EvalEcxXSaveAvx' exists: TOSComponent::PopulateRegisterData
  SevWarning(1) : scregaccess.cpp : 3817
19:17:35.500 WARNING: No register with name 'EvalEcxXSaveAvx' exists
  SevWarning(1) : scregaccess.cpp : 3817
19:17:35.503 ERROR: Internal Error: Target connected notice when not connecting
  SevInternalError(4) : contextstatemanagerimpl.cpp : 533
19:17:35.503 ERROR: Operation succeeded
  SevError(2) : programcontext.cpp : 5208
19:17:35.541 ERROR: Program context is undefined
  SevError(2) : dtacell.cpp : 559
19:17:35.541 ERROR: Operation succeeded
  SevError(2) : programcontext.cpp : 5208
19:17:35.557 ERROR: Program context is undefined
  SevError(2) : dtacell.cpp : 559
19:17:35.557 ERROR: Operation succeeded
  SevError(2) : programcontext.cpp : 5208
19:17:35.558 ERROR: Program context is undefined
  SevError(2) : dtacell.cpp : 559
19:17:35.558 ERROR: Operation succeeded
  SevError(2) : programcontext.cpp : 5208
19:17:35.558 ERROR: Program context is undefined
  SevError(2) : dtacell.cpp : 559
19:17:35.558 ERROR: Operation succeeded
  SevError(2) : programcontext.cpp : 5208
19:17:35.560 ERROR: Program context is undefined
  SevError(2) : dtacell.cpp : 559
19:17:35.560 ERROR: Operation succeeded
  SevError(2) : programcontext.cpp : 5208
19:17:35.561 ERROR: Program context is undefined
  SevError(2) : dtacell.cpp : 559
19:17:35.561 ERROR: Operation succeeded
  SevError(2) : programcontext.cpp : 5208
19:17:35.561 ERROR: Program context is undefined
  SevError(2) : dtacell.cpp : 559
19:17:35.561 ERROR: Operation succeeded
  SevError(2) : programcontext.cpp : 5208
19:17:35.561 ERROR: Program context is undefined
  SevError(2) : dtacell.cpp : 559
19:17:35.561 ERROR: Operation succeeded
  SevError(2) : programcontext.cpp : 5208
19:17:35.561 ERROR: Program context is undefined
  SevError(2) : dtacell.cpp : 559
19:17:35.561 ERROR: Operation succeeded
  SevError(2) : programcontext.cpp : 5208
19:17:35.563 ERROR: Program context is undefined
  SevError(2) : dtacell.cpp : 559
19:17:35.563 ERROR: Operation succeeded
  SevError(2) : programcontext.cpp : 5208
19:17:35.563 ERROR: Program context is undefined
  SevError(2) : dtacell.cpp : 559
19:17:35.563 ERROR: Operation succeeded
  SevError(2) : programcontext.cpp : 5208
19:17:35.563 ERROR: Program context is undefined
  SevError(2) : dtacell.cpp : 559
19:17:35.563 ERROR: Operation succeeded
  SevError(2) : programcontext.cpp : 5208
19:17:35.563 ERROR: Program context is undefined
  SevError(2) : dtacell.cpp : 559
19:17:35.563 ERROR: Operation succeeded
  SevError(2) : programcontext.cpp : 5208
19:17:35.563 ERROR: Program context is undefined
  SevError(2) : dtacell.cpp : 559
19:17:35.563 ERROR: Operation succeeded
  SevError(2) : programcontext.cpp : 5208
19:17:35.563 ERROR: Program context is undefined
  SevError(2) : dtacell.cpp : 559
19:17:35.563 ERROR: Operation succeeded
  SevError(2) : programcontext.cpp : 5208
19:17:35.563 ERROR: Program context is undefined
  SevError(2) : dtacell.cpp : 559
19:17:35.563 ERROR: Operation succeeded
  SevError(2) : programcontext.cpp : 5208
19:17:35.563 ERROR: Program context is undefined
  SevError(2) : dtacell.cpp : 559
19:17:35.564 ERROR: Operation succeeded
  SevError(2) : programcontext.cpp : 5208
19:17:35.564 ERROR: Program context is undefined
  SevError(2) : dtacell.cpp : 559
19:17:35.564 ERROR: Operation succeeded
  SevError(2) : programcontext.cpp : 5208
19:17:35.564 ERROR: Program context is undefined
  SevError(2) : dtacell.cpp : 559
19:17:35.564 ERROR: Operation succeeded
  SevError(2) : programcontext.cpp : 5208
19:17:35.565 ERROR: Program context is undefined
  SevError(2) : dtacell.cpp : 559
19:17:35.565 ERROR: Operation succeeded
  SevError(2) : programcontext.cpp : 5208
19:17:35.581 ERROR: Program context is undefined
  SevError(2) : dtacell.cpp : 559
19:17:35.582 ERROR: Operation succeeded
  SevError(2) : programcontext.cpp : 5208
19:17:35.583 ERROR: Program context is undefined
  SevError(2) : dtacell.cpp : 559
19:17:35.583 ERROR: Operation succeeded
  SevError(2) : programcontext.cpp : 5208
19:17:35.583 ERROR: Program context is undefined
  SevError(2) : dtacell.cpp : 559
19:17:35.583 ERROR: Operation succeeded
  SevError(2) : programcontext.cpp : 5208
19:17:35.583 ERROR: Program context is undefined
  SevError(2) : dtacell.cpp : 559
19:17:35.583 ERROR: Operation succeeded
  SevError(2) : programcontext.cpp : 5208
19:17:35.583 ERROR: Program context is undefined
  SevError(2) : dtacell.cpp : 559
19:17:35.583 ERROR: Operation succeeded
  SevError(2) : programcontext.cpp : 5208
19:17:36.073 ERROR: Program context is undefined
  SevError(2) : dtacell.cpp : 559
19:17:36.073 ERROR: Operation succeeded
  SevError(2) : programcontext.cpp : 5208
19:17:36.074 ERROR: Program context is undefined
  SevError(2) : dtacell.cpp : 559
19:17:36.074 ERROR: Operation succeeded
  SevError(2) : programcontext.cpp : 5208
19:17:36.074 ERROR: Program context is undefined
  SevError(2) : dtacell.cpp : 559
19:17:36.074 ERROR: Operation succeeded
  SevError(2) : programcontext.cpp : 5208
19:17:36.074 ERROR: Program context is undefined
  SevError(2) : dtacell.cpp : 559
19:17:36.074 ERROR: Operation succeeded
  SevError(2) : programcontext.cpp : 5208
19:17:36.093 ERROR: Program context is undefined
  SevError(2) : dtacell.cpp : 559
19:17:36.093 ERROR: Operation succeeded
  SevError(2) : programcontext.cpp : 5208
19:17:36.100 ERROR: Program context is undefined
  SevError(2) : dtacell.cpp : 559
19:17:36.100 ERROR: Operation succeeded
  SevError(2) : programcontext.cpp : 5208
19:17:36.100 ERROR: Program context is undefined
  SevError(2) : dtacell.cpp : 559
19:17:36.100 ERROR: Operation succeeded
  SevError(2) : programcontext.cpp : 5208
19:17:36.142 ERROR: Program context is undefined
  SevError(2) : dtacell.cpp : 559
19:17:36.142 ERROR: Operation succeeded
  SevError(2) : programcontext.cpp : 5208
19:17:36.153 ERROR: Program context is undefined
  SevError(2) : dtacell.cpp : 559
19:17:36.153 ERROR: Operation succeeded
  SevError(2) : programcontext.cpp : 5208
19:17:36.153 ERROR: Program context is undefined
  SevError(2) : dtacell.cpp : 559
19:17:36.153 ERROR: Operation succeeded
  SevError(2) : programcontext.cpp : 5208
19:17:36.172 ERROR: Program context is undefined
  SevError(2) : dtacell.cpp : 559
19:17:36.172 ERROR: Operation succeeded
  SevError(2) : programcontext.cpp : 5208
19:17:36.172 ERROR: Program context is undefined
  SevError(2) : dtacell.cpp : 559
19:17:36.172 ERROR: Operation succeeded
  SevError(2) : programcontext.cpp : 5208
19:17:36.175 ERROR: Program context is undefined
  SevError(2) : dtacell.cpp : 559
19:17:36.175 ERROR: Operation succeeded
  SevError(2) : programcontext.cpp : 5208
19:17:36.175 ERROR: Program context is undefined
  SevError(2) : dtacell.cpp : 559
19:17:36.175 ERROR: Operation succeeded
  SevError(2) : programcontext.cpp : 5208
19:17:36.175 ERROR: Program context is undefined
  SevError(2) : dtacell.cpp : 559
19:17:36.175 ERROR: Operation succeeded
  SevError(2) : programcontext.cpp : 5208
19:17:36.176 ERROR: Program context is undefined
  SevError(2) : dtacell.cpp : 559
19:17:36.176 ERROR: Operation succeeded
  SevError(2) : programcontext.cpp : 5208
19:17:36.176 ERROR: Program context is undefined
  SevError(2) : dtacell.cpp : 559
19:17:36.176 ERROR: Operation succeeded
  SevError(2) : programcontext.cpp : 5208
19:17:36.176 ERROR: Program context is undefined
  SevError(2) : dtacell.cpp : 559
19:17:36.176 ERROR: Operation succeeded
  SevError(2) : programcontext.cpp : 5208
19:17:36.176 ERROR: Program context is undefined
  SevError(2) : dtacell.cpp : 559
19:17:36.176 ERROR: Operation succeeded
  SevError(2) : programcontext.cpp : 5208
19:17:36.176 ERROR: Program context is undefined
  SevError(2) : dtacell.cpp : 559
19:17:36.176 ERROR: Operation succeeded
  SevError(2) : programcontext.cpp : 5208
19:17:36.176 ERROR: Program context is undefined
  SevError(2) : dtacell.cpp : 559
19:17:36.176 ERROR: Operation succeeded
  SevError(2) : programcontext.cpp : 5208
19:17:36.176 ERROR: Program context is undefined
  SevError(2) : dtacell.cpp : 559
19:17:36.176 ERROR: Operation succeeded
  SevError(2) : programcontext.cpp : 5208
19:17:36.177 ERROR: Program context is undefined
  SevError(2) : dtacell.cpp : 559
19:17:36.177 ERROR: Operation succeeded
  SevError(2) : programcontext.cpp : 5208
19:17:36.177 ERROR: Program context is undefined
  SevError(2) : dtacell.cpp : 559
19:17:36.177 ERROR: Operation succeeded
  SevError(2) : programcontext.cpp : 5208
19:17:36.177 ERROR: Program context is undefined
  SevError(2) : dtacell.cpp : 559
19:17:36.177 ERROR: Operation succeeded
  SevError(2) : programcontext.cpp : 5208
19:17:36.177 ERROR: Program context is undefined
  SevError(2) : dtacell.cpp : 559
19:17:36.177 ERROR: Operation succeeded
  SevError(2) : programcontext.cpp : 5208
19:17:36.177 ERROR: Program context is undefined
  SevError(2) : dtacell.cpp : 559
19:17:36.177 ERROR: Operation succeeded
  SevError(2) : programcontext.cpp : 5208
19:17:36.177 ERROR: Program context is undefined
  SevError(2) : dtacell.cpp : 559
19:17:36.177 ERROR: Operation succeeded
  SevError(2) : programcontext.cpp : 5208
19:17:36.177 ERROR: Program context is undefined
  SevError(2) : dtacell.cpp : 559
19:17:36.177 ERROR: Operation succeeded
  SevError(2) : programcontext.cpp : 5208
19:17:36.177 ERROR: Program context is undefined
  SevError(2) : dtacell.cpp : 559
19:17:36.177 ERROR: Operation succeeded
  SevError(2) : programcontext.cpp : 5208
19:17:36.178 ERROR: Program context is undefined
  SevError(2) : dtacell.cpp : 559
19:17:36.178 ERROR: Operation succeeded
  SevError(2) : programcontext.cpp : 5208
19:17:36.182 ERROR: Program context is undefined
  SevError(2) : dtacell.cpp : 559
19:17:36.182 ERROR: Operation succeeded
  SevError(2) : programcontext.cpp : 5208
19:17:36.185 ERROR: Program context is undefined
  SevError(2) : dtacell.cpp : 559
19:17:36.185 ERROR: Operation succeeded
  SevError(2) : programcontext.cpp : 5208
19:17:36.218 ERROR: Program context is undefined
  SevError(2) : dtacell.cpp : 559
19:17:36.218 ERROR: Operation succeeded
  SevError(2) : programcontext.cpp : 5208
19:17:36.218 ERROR: Program context is undefined
  SevError(2) : dtacell.cpp : 559
19:17:36.218 ERROR: Operation succeeded
  SevError(2) : programcontext.cpp : 5208
