DFW status and trace log : Thu Oct  3 13:43:58 2019

13:43:58.287 ERROR: no id specified
  SevError(2) : programcontext.cpp : 5665
13:43:58.292 ERROR: target definition defaultTarget has not been created
  Protocol Component : SevError(2) : targetdefinitionmanager.cpp : 5161
DFW status and trace log : Thu Oct  3 14:13:51 2019

14:13:51.972 ERROR: Node 'TargetDefns' does not have a child name 'vxsim0': StdStructContainerInfoNode1::evalNodeChild
  Protocol Component : SevError(2) : infonodehelper.hpp : 1645
14:13:51.973 ERROR: Node 'TargetDefns' does not have a child name 'vxsim0'
  Protocol Component : SevError(2) : infonodehelper.hpp : 1645
14:13:51.979 ERROR: no id specified
  SevError(2) : programcontext.cpp : 5665
14:13:52.084 ERROR: Could not find Processor or OS
  SevError(2) : TOSplugincommon.cpp : 2597
14:13:52.091 ERROR: Could not find Processor or OS
  SevError(2) : TOSplugincommon.cpp : 2597
14:13:52.097 ERROR: Could not find Processor or OS
  SevError(2) : TOSplugincommon.cpp : 2597
14:13:52.102 ERROR: Could not find Processor or OS
  SevError(2) : TOSplugincommon.cpp : 2597
14:13:52.107 ERROR: Could not find Processor or OS
  SevError(2) : TOSplugincommon.cpp : 2597
14:13:52.112 ERROR: Could not find Processor or OS
  SevError(2) : TOSplugincommon.cpp : 2597
14:13:52.117 ERROR: Could not find Processor or OS
  SevError(2) : TOSplugincommon.cpp : 2597
14:13:52.122 ERROR: Could not find Processor or OS
  SevError(2) : TOSplugincommon.cpp : 2597
14:13:52.127 ERROR: Could not find Processor or OS
  SevError(2) : TOSplugincommon.cpp : 2597
14:13:52.132 ERROR: Could not find Processor or OS
  SevError(2) : TOSplugincommon.cpp : 2597
14:13:52.137 ERROR: Could not find Processor or OS
  SevError(2) : TOSplugincommon.cpp : 2597
14:13:52.142 ERROR: Could not find Processor or OS
  SevError(2) : TOSplugincommon.cpp : 2597
14:13:52.147 ERROR: Could not find Processor or OS
  SevError(2) : TOSplugincommon.cpp : 2597
14:13:52.152 ERROR: Could not find Processor or OS
  SevError(2) : TOSplugincommon.cpp : 2597
14:13:52.157 ERROR: Could not find Processor or OS
  SevError(2) : TOSplugincommon.cpp : 2597
14:13:52.162 ERROR: Could not find Processor or OS
  SevError(2) : TOSplugincommon.cpp : 2597
14:13:52.167 ERROR: Could not find Processor or OS
  SevError(2) : TOSplugincommon.cpp : 2597
14:13:52.172 ERROR: Could not find Processor or OS
  SevError(2) : TOSplugincommon.cpp : 2597
14:13:52.179 ERROR: no id specified
  SevError(2) : programcontext.cpp : 5665
14:13:52.181 ERROR: no id specified
  SevError(2) : programcontext.cpp : 5665
14:13:52.191 ERROR: Invalid core (CPU) id
  SevError(2) : tccoreinfo.cpp : 849
14:13:52.262 ERROR: Unsupported function call: TargetPluginAPI::GetTraceInfo
  SevError(2) : tccallwrappers.cpp : 4517
14:13:52.269 ERROR: Operation succeeded
  SevError(2) : programcontext.cpp : 5208
14:13:52.269 ERROR: Program context is undefined
  SevError(2) : dtacell.cpp : 559
14:13:52.269 ERROR: Operation succeeded
  SevError(2) : programcontext.cpp : 5208
14:13:52.416 ERROR: Program context is undefined
  SevError(2) : dtacell.cpp : 559
14:13:52.416 ERROR: Operation succeeded
  SevError(2) : programcontext.cpp : 5208
14:13:52.417 ERROR: Program context is undefined
  SevError(2) : dtacell.cpp : 559
14:13:52.417 ERROR: Operation succeeded
  SevError(2) : programcontext.cpp : 5208
14:13:52.417 ERROR: Program context is undefined
  SevError(2) : dtacell.cpp : 559
14:13:52.417 ERROR: Operation succeeded
  SevError(2) : programcontext.cpp : 5208
14:13:52.418 ERROR: Program context is undefined
  SevError(2) : dtacell.cpp : 559
14:13:52.418 ERROR: Operation succeeded
  SevError(2) : programcontext.cpp : 5208
14:13:52.418 ERROR: Program context is undefined
  SevError(2) : dtacell.cpp : 559
14:13:52.418 ERROR: Operation succeeded
  SevError(2) : programcontext.cpp : 5208
14:13:52.418 ERROR: Program context is undefined
  SevError(2) : dtacell.cpp : 559
14:13:52.418 ERROR: Operation succeeded
  SevError(2) : programcontext.cpp : 5208
14:13:52.420 ERROR: Program context is undefined
  SevError(2) : dtacell.cpp : 559
14:13:52.420 ERROR: Operation succeeded
  SevError(2) : programcontext.cpp : 5208
14:13:52.421 ERROR: Program context is undefined
  SevError(2) : dtacell.cpp : 559
14:13:52.421 ERROR: Operation succeeded
  SevError(2) : programcontext.cpp : 5208
14:13:52.423 ERROR: Program context is undefined
  SevError(2) : dtacell.cpp : 559
14:13:52.423 ERROR: Operation succeeded
  SevError(2) : programcontext.cpp : 5208
14:13:52.424 ERROR: Program context is undefined
  SevError(2) : dtacell.cpp : 559
14:13:52.424 ERROR: Operation succeeded
  SevError(2) : programcontext.cpp : 5208
14:13:52.426 WARNING: No register with name 'pc' exists: TOSComponent::PopulateRegisterData
  SevWarning(1) : scregaccess.cpp : 3817
14:13:52.426 WARNING: No register with name 'pc' exists: TOSComponent::PopulateRegisterData
  SevWarning(1) : scregaccess.cpp : 3817
14:13:52.426 WARNING: No register with name 'pc' exists
  SevWarning(1) : scregaccess.cpp : 3817
14:13:52.426 WARNING: No register with name 'FPRegisterAccess' exists: TOSComponent::PopulateRegisterData
  SevWarning(1) : scregaccess.cpp : 3817
14:13:52.426 WARNING: No register with name 'FPRegisterAccess' exists: TOSComponent::PopulateRegisterData
  SevWarning(1) : scregaccess.cpp : 3817
14:13:52.426 WARNING: No register with name 'FPRegisterAccess' exists
  SevWarning(1) : scregaccess.cpp : 3817
14:13:52.426 WARNING: No register with name 'GetFeatures' exists: TOSComponent::PopulateRegisterData
  SevWarning(1) : scregaccess.cpp : 3817
14:13:52.426 WARNING: No register with name 'GetFeatures' exists: TOSComponent::PopulateRegisterData
  SevWarning(1) : scregaccess.cpp : 3817
14:13:52.426 WARNING: No register with name 'GetFeatures' exists
  SevWarning(1) : scregaccess.cpp : 3817
14:13:52.426 WARNING: No register with name 'EvalEdxFxsr' exists: TOSComponent::PopulateRegisterData
  SevWarning(1) : scregaccess.cpp : 3817
14:13:52.426 WARNING: No register with name 'EvalEdxFxsr' exists: TOSComponent::PopulateRegisterData
  SevWarning(1) : scregaccess.cpp : 3817
14:13:52.426 WARNING: No register with name 'EvalEdxFxsr' exists
  SevWarning(1) : scregaccess.cpp : 3817
14:13:52.426 WARNING: No register with name 'EvalEcxXSaveAvx' exists: TOSComponent::PopulateRegisterData
  SevWarning(1) : scregaccess.cpp : 3817
14:13:52.426 WARNING: No register with name 'EvalEcxXSaveAvx' exists: TOSComponent::PopulateRegisterData
  SevWarning(1) : scregaccess.cpp : 3817
14:13:52.426 WARNING: No register with name 'EvalEcxXSaveAvx' exists
  SevWarning(1) : scregaccess.cpp : 3817
14:13:52.428 ERROR: Internal Error: Target connected notice when not connecting
  SevInternalError(4) : contextstatemanagerimpl.cpp : 533
14:13:52.430 ERROR: Operation succeeded
  SevError(2) : programcontext.cpp : 5208
14:13:52.473 ERROR: Program context is undefined
  SevError(2) : dtacell.cpp : 559
14:13:52.473 ERROR: Operation succeeded
  SevError(2) : programcontext.cpp : 5208
14:13:52.489 ERROR: Program context is undefined
  SevError(2) : dtacell.cpp : 559
14:13:52.489 ERROR: Operation succeeded
  SevError(2) : programcontext.cpp : 5208
14:13:52.489 ERROR: Program context is undefined
  SevError(2) : dtacell.cpp : 559
14:13:52.489 ERROR: Operation succeeded
  SevError(2) : programcontext.cpp : 5208
14:13:52.490 ERROR: Program context is undefined
  SevError(2) : dtacell.cpp : 559
14:13:52.490 ERROR: Operation succeeded
  SevError(2) : programcontext.cpp : 5208
14:13:52.492 ERROR: Program context is undefined
  SevError(2) : dtacell.cpp : 559
14:13:52.492 ERROR: Operation succeeded
  SevError(2) : programcontext.cpp : 5208
14:13:52.492 ERROR: Program context is undefined
  SevError(2) : dtacell.cpp : 559
14:13:52.492 ERROR: Operation succeeded
  SevError(2) : programcontext.cpp : 5208
14:13:52.492 ERROR: Program context is undefined
  SevError(2) : dtacell.cpp : 559
14:13:52.492 ERROR: Operation succeeded
  SevError(2) : programcontext.cpp : 5208
14:13:52.492 ERROR: Program context is undefined
  SevError(2) : dtacell.cpp : 559
14:13:52.492 ERROR: Operation succeeded
  SevError(2) : programcontext.cpp : 5208
14:13:52.492 ERROR: Program context is undefined
  SevError(2) : dtacell.cpp : 559
14:13:52.492 ERROR: Operation succeeded
  SevError(2) : programcontext.cpp : 5208
14:13:52.493 ERROR: Program context is undefined
  SevError(2) : dtacell.cpp : 559
14:13:52.493 ERROR: Operation succeeded
  SevError(2) : programcontext.cpp : 5208
