DFW status and trace log : Tue Oct 22 17:09:31 2019

17:09:31.693 ERROR: no id specified
  SevError(2) : programcontext.cpp : 5665
17:09:31.698 ERROR: target definition defaultTarget has not been created
  Protocol Component : SevError(2) : targetdefinitionmanager.cpp : 5161
DFW status and trace log : Tue Oct 22 17:14:40 2019

17:14:40.013 ERROR: Node 'TargetDefns' does not have a child name 'vxsim1': StdStructContainerInfoNode1::evalNodeChild
  Protocol Component : SevError(2) : infonodehelper.hpp : 1645
17:14:40.014 ERROR: Node 'TargetDefns' does not have a child name 'vxsim1'
  Protocol Component : SevError(2) : infonodehelper.hpp : 1645
17:14:40.020 ERROR: no id specified
  SevError(2) : programcontext.cpp : 5665
17:14:40.155 ERROR: Could not find Processor or OS
  SevError(2) : TOSplugincommon.cpp : 2597
17:14:40.165 ERROR: Could not find Processor or OS
  SevError(2) : TOSplugincommon.cpp : 2597
17:14:40.171 ERROR: Could not find Processor or OS
  SevError(2) : TOSplugincommon.cpp : 2597
17:14:40.176 ERROR: Could not find Processor or OS
  SevError(2) : TOSplugincommon.cpp : 2597
17:14:40.181 ERROR: Could not find Processor or OS
  SevError(2) : TOSplugincommon.cpp : 2597
17:14:40.185 ERROR: Could not find Processor or OS
  SevError(2) : TOSplugincommon.cpp : 2597
17:14:40.188 ERROR: Could not find Processor or OS
  SevError(2) : TOSplugincommon.cpp : 2597
17:14:40.192 ERROR: Could not find Processor or OS
  SevError(2) : TOSplugincommon.cpp : 2597
17:14:40.195 ERROR: Could not find Processor or OS
  SevError(2) : TOSplugincommon.cpp : 2597
17:14:40.199 ERROR: Could not find Processor or OS
  SevError(2) : TOSplugincommon.cpp : 2597
17:14:40.202 ERROR: Could not find Processor or OS
  SevError(2) : TOSplugincommon.cpp : 2597
17:14:40.206 ERROR: Could not find Processor or OS
  SevError(2) : TOSplugincommon.cpp : 2597
17:14:40.209 ERROR: Could not find Processor or OS
  SevError(2) : TOSplugincommon.cpp : 2597
17:14:40.213 ERROR: Could not find Processor or OS
  SevError(2) : TOSplugincommon.cpp : 2597
17:14:40.216 ERROR: Could not find Processor or OS
  SevError(2) : TOSplugincommon.cpp : 2597
17:14:40.220 ERROR: Could not find Processor or OS
  SevError(2) : TOSplugincommon.cpp : 2597
17:14:40.223 ERROR: Could not find Processor or OS
  SevError(2) : TOSplugincommon.cpp : 2597
17:14:40.227 ERROR: Could not find Processor or OS
  SevError(2) : TOSplugincommon.cpp : 2597
17:14:40.231 ERROR: no id specified
  SevError(2) : programcontext.cpp : 5665
17:14:40.231 ERROR: no id specified
  SevError(2) : programcontext.cpp : 5665
17:14:40.260 ERROR: Invalid core (CPU) id
  SevError(2) : tccoreinfo.cpp : 849
17:14:40.328 ERROR: Unsupported function call: TargetPluginAPI::GetTraceInfo
  SevError(2) : tccallwrappers.cpp : 4517
17:14:40.346 ERROR: Operation succeeded
  SevError(2) : programcontext.cpp : 5208
17:14:40.346 ERROR: Program context is undefined
  SevError(2) : dtacell.cpp : 559
17:14:40.346 ERROR: Operation succeeded
  SevError(2) : programcontext.cpp : 5208
17:14:40.542 ERROR: Program context is undefined
  SevError(2) : dtacell.cpp : 559
17:14:40.542 ERROR: Operation succeeded
  SevError(2) : programcontext.cpp : 5208
17:14:40.542 ERROR: Program context is undefined
  SevError(2) : dtacell.cpp : 559
17:14:40.542 ERROR: Operation succeeded
  SevError(2) : programcontext.cpp : 5208
17:14:40.543 ERROR: Program context is undefined
  SevError(2) : dtacell.cpp : 559
17:14:40.543 ERROR: Operation succeeded
  SevError(2) : programcontext.cpp : 5208
17:14:40.543 ERROR: Program context is undefined
  SevError(2) : dtacell.cpp : 559
17:14:40.543 ERROR: Operation succeeded
  SevError(2) : programcontext.cpp : 5208
17:14:40.544 ERROR: Program context is undefined
  SevError(2) : dtacell.cpp : 559
17:14:40.544 ERROR: Operation succeeded
  SevError(2) : programcontext.cpp : 5208
17:14:40.544 ERROR: Program context is undefined
  SevError(2) : dtacell.cpp : 559
17:14:40.544 ERROR: Operation succeeded
  SevError(2) : programcontext.cpp : 5208
17:14:40.547 ERROR: Program context is undefined
  SevError(2) : dtacell.cpp : 559
17:14:40.547 ERROR: Operation succeeded
  SevError(2) : programcontext.cpp : 5208
17:14:40.547 ERROR: Program context is undefined
  SevError(2) : dtacell.cpp : 559
17:14:40.547 ERROR: Operation succeeded
  SevError(2) : programcontext.cpp : 5208
17:14:40.550 ERROR: Program context is undefined
  SevError(2) : dtacell.cpp : 559
17:14:40.550 ERROR: Operation succeeded
  SevError(2) : programcontext.cpp : 5208
17:14:40.551 ERROR: Program context is undefined
  SevError(2) : dtacell.cpp : 559
17:14:40.551 ERROR: Operation succeeded
  SevError(2) : programcontext.cpp : 5208
17:14:40.555 WARNING: No register with name 'pc' exists: TOSComponent::PopulateRegisterData
  SevWarning(1) : scregaccess.cpp : 3817
17:14:40.555 WARNING: No register with name 'pc' exists: TOSComponent::PopulateRegisterData
  SevWarning(1) : scregaccess.cpp : 3817
17:14:40.555 WARNING: No register with name 'pc' exists
  SevWarning(1) : scregaccess.cpp : 3817
17:14:40.555 WARNING: No register with name 'FPRegisterAccess' exists: TOSComponent::PopulateRegisterData
  SevWarning(1) : scregaccess.cpp : 3817
17:14:40.555 WARNING: No register with name 'FPRegisterAccess' exists: TOSComponent::PopulateRegisterData
  SevWarning(1) : scregaccess.cpp : 3817
17:14:40.555 WARNING: No register with name 'FPRegisterAccess' exists
  SevWarning(1) : scregaccess.cpp : 3817
17:14:40.555 WARNING: No register with name 'GetFeatures' exists: TOSComponent::PopulateRegisterData
  SevWarning(1) : scregaccess.cpp : 3817
17:14:40.555 WARNING: No register with name 'GetFeatures' exists: TOSComponent::PopulateRegisterData
  SevWarning(1) : scregaccess.cpp : 3817
17:14:40.555 WARNING: No register with name 'GetFeatures' exists
  SevWarning(1) : scregaccess.cpp : 3817
17:14:40.555 WARNING: No register with name 'EvalEdxFxsr' exists: TOSComponent::PopulateRegisterData
  SevWarning(1) : scregaccess.cpp : 3817
17:14:40.555 WARNING: No register with name 'EvalEdxFxsr' exists: TOSComponent::PopulateRegisterData
  SevWarning(1) : scregaccess.cpp : 3817
17:14:40.555 WARNING: No register with name 'EvalEdxFxsr' exists
  SevWarning(1) : scregaccess.cpp : 3817
17:14:40.555 WARNING: No register with name 'EvalEcxXSaveAvx' exists: TOSComponent::PopulateRegisterData
  SevWarning(1) : scregaccess.cpp : 3817
17:14:40.555 WARNING: No register with name 'EvalEcxXSaveAvx' exists: TOSComponent::PopulateRegisterData
  SevWarning(1) : scregaccess.cpp : 3817
17:14:40.555 WARNING: No register with name 'EvalEcxXSaveAvx' exists
  SevWarning(1) : scregaccess.cpp : 3817
17:14:40.560 ERROR: Operation succeeded
  SevError(2) : programcontext.cpp : 5208
17:14:40.612 ERROR: Program context is undefined
  SevError(2) : dtacell.cpp : 559
17:14:40.612 ERROR: Operation succeeded
  SevError(2) : programcontext.cpp : 5208
17:14:40.622 ERROR: Program context is undefined
  SevError(2) : dtacell.cpp : 559
17:14:40.622 ERROR: Operation succeeded
  SevError(2) : programcontext.cpp : 5208
17:14:40.622 ERROR: Program context is undefined
  SevError(2) : dtacell.cpp : 559
17:14:40.622 ERROR: Operation succeeded
  SevError(2) : programcontext.cpp : 5208
17:14:40.622 ERROR: Program context is undefined
  SevError(2) : dtacell.cpp : 559
17:14:40.622 ERROR: Operation succeeded
  SevError(2) : programcontext.cpp : 5208
17:14:40.622 ERROR: Internal Error: Target connected notice when not connecting
  SevInternalError(4) : contextstatemanagerimpl.cpp : 533
17:14:40.625 ERROR: Program context is undefined
  SevError(2) : dtacell.cpp : 559
17:14:40.625 ERROR: Operation succeeded
  SevError(2) : programcontext.cpp : 5208
17:14:40.625 ERROR: Program context is undefined
  SevError(2) : dtacell.cpp : 559
17:14:40.625 ERROR: Operation succeeded
  SevError(2) : programcontext.cpp : 5208
17:14:40.625 ERROR: Program context is undefined
  SevError(2) : dtacell.cpp : 559
17:14:40.625 ERROR: Operation succeeded
  SevError(2) : programcontext.cpp : 5208
17:14:40.625 ERROR: Program context is undefined
  SevError(2) : dtacell.cpp : 559
17:14:40.625 ERROR: Operation succeeded
  SevError(2) : programcontext.cpp : 5208
17:14:40.626 ERROR: Program context is undefined
  SevError(2) : dtacell.cpp : 559
17:14:40.626 ERROR: Operation succeeded
  SevError(2) : programcontext.cpp : 5208
17:14:40.626 ERROR: Program context is undefined
  SevError(2) : dtacell.cpp : 559
17:14:40.626 ERROR: Operation succeeded
  SevError(2) : programcontext.cpp : 5208
17:14:40.629 ERROR: Program context is undefined
  SevError(2) : dtacell.cpp : 559
17:14:40.629 ERROR: Operation succeeded
  SevError(2) : programcontext.cpp : 5208
17:14:40.629 ERROR: Program context is undefined
  SevError(2) : dtacell.cpp : 559
17:14:40.629 ERROR: Operation succeeded
  SevError(2) : programcontext.cpp : 5208
17:14:40.629 ERROR: Program context is undefined
  SevError(2) : dtacell.cpp : 559
17:14:40.629 ERROR: Operation succeeded
  SevError(2) : programcontext.cpp : 5208
17:14:40.629 ERROR: Program context is undefined
  SevError(2) : dtacell.cpp : 559
17:14:40.629 ERROR: Operation succeeded
  SevError(2) : programcontext.cpp : 5208
17:14:40.630 ERROR: Program context is undefined
  SevError(2) : dtacell.cpp : 559
17:14:40.630 ERROR: Operation succeeded
  SevError(2) : programcontext.cpp : 5208
17:14:40.630 ERROR: Program context is undefined
  SevError(2) : dtacell.cpp : 559
17:14:40.630 ERROR: Operation succeeded
  SevError(2) : programcontext.cpp : 5208
17:14:40.630 ERROR: Program context is undefined
  SevError(2) : dtacell.cpp : 559
17:14:40.630 ERROR: Operation succeeded
  SevError(2) : programcontext.cpp : 5208
17:14:40.630 ERROR: Program context is undefined
  SevError(2) : dtacell.cpp : 559
17:14:40.630 ERROR: Operation succeeded
  SevError(2) : programcontext.cpp : 5208
17:14:40.630 ERROR: Program context is undefined
  SevError(2) : dtacell.cpp : 559
17:14:40.630 ERROR: Operation succeeded
  SevError(2) : programcontext.cpp : 5208
17:14:40.631 ERROR: Program context is undefined
  SevError(2) : dtacell.cpp : 559
17:14:40.631 ERROR: Operation succeeded
  SevError(2) : programcontext.cpp : 5208
17:14:40.640 ERROR: Program context is undefined
  SevError(2) : dtacell.cpp : 559
17:14:40.640 ERROR: Operation succeeded
  SevError(2) : programcontext.cpp : 5208
17:14:40.641 ERROR: Program context is undefined
  SevError(2) : dtacell.cpp : 559
17:14:40.641 ERROR: Operation succeeded
  SevError(2) : programcontext.cpp : 5208
17:14:40.641 ERROR: Program context is undefined
  SevError(2) : dtacell.cpp : 559
17:14:40.641 ERROR: Operation succeeded
  SevError(2) : programcontext.cpp : 5208
17:14:40.641 ERROR: Program context is undefined
  SevError(2) : dtacell.cpp : 559
17:14:40.641 ERROR: Operation succeeded
  SevError(2) : programcontext.cpp : 5208
17:14:40.641 ERROR: Program context is undefined
  SevError(2) : dtacell.cpp : 559
17:14:40.641 ERROR: Operation succeeded
  SevError(2) : programcontext.cpp : 5208
17:14:40.653 ERROR: Program context is undefined
  SevError(2) : dtacell.cpp : 559
17:14:40.653 ERROR: Operation succeeded
  SevError(2) : programcontext.cpp : 5208
17:14:41.525 ERROR: Program context is undefined
  SevError(2) : dtacell.cpp : 559
17:14:41.525 ERROR: Operation succeeded
  SevError(2) : programcontext.cpp : 5208
17:14:41.532 ERROR: Program context is undefined
  SevError(2) : dtacell.cpp : 559
17:14:41.532 ERROR: Operation succeeded
  SevError(2) : programcontext.cpp : 5208
17:14:41.532 ERROR: Program context is undefined
  SevError(2) : dtacell.cpp : 559
17:14:41.532 ERROR: Operation succeeded
  SevError(2) : programcontext.cpp : 5208
17:14:41.574 ERROR: Program context is undefined
  SevError(2) : dtacell.cpp : 559
17:14:41.574 ERROR: Operation succeeded
  SevError(2) : programcontext.cpp : 5208
17:14:41.585 ERROR: Program context is undefined
  SevError(2) : dtacell.cpp : 559
17:14:41.585 ERROR: Operation succeeded
  SevError(2) : programcontext.cpp : 5208
17:14:41.585 ERROR: Program context is undefined
  SevError(2) : dtacell.cpp : 559
17:14:41.585 ERROR: Operation succeeded
  SevError(2) : programcontext.cpp : 5208
17:14:41.672 ERROR: Program context is undefined
  SevError(2) : dtacell.cpp : 559
17:14:41.672 ERROR: Operation succeeded
  SevError(2) : programcontext.cpp : 5208
17:14:41.672 ERROR: Program context is undefined
  SevError(2) : dtacell.cpp : 559
17:14:41.672 ERROR: Operation succeeded
  SevError(2) : programcontext.cpp : 5208
17:14:41.672 ERROR: Program context is undefined
  SevError(2) : dtacell.cpp : 559
17:14:41.672 ERROR: Operation succeeded
  SevError(2) : programcontext.cpp : 5208
17:14:41.672 ERROR: Program context is undefined
  SevError(2) : dtacell.cpp : 559
17:14:41.672 ERROR: Operation succeeded
  SevError(2) : programcontext.cpp : 5208
17:14:41.673 ERROR: Program context is undefined
  SevError(2) : dtacell.cpp : 559
17:14:41.673 ERROR: Operation succeeded
  SevError(2) : programcontext.cpp : 5208
17:14:41.673 ERROR: Program context is undefined
  SevError(2) : dtacell.cpp : 559
17:14:41.673 ERROR: Operation succeeded
  SevError(2) : programcontext.cpp : 5208
17:14:41.673 ERROR: Program context is undefined
  SevError(2) : dtacell.cpp : 559
17:14:41.673 ERROR: Operation succeeded
  SevError(2) : programcontext.cpp : 5208
17:14:41.673 ERROR: Program context is undefined
  SevError(2) : dtacell.cpp : 559
17:14:41.673 ERROR: Operation succeeded
  SevError(2) : programcontext.cpp : 5208
17:14:41.673 ERROR: Program context is undefined
  SevError(2) : dtacell.cpp : 559
17:14:41.673 ERROR: Operation succeeded
  SevError(2) : programcontext.cpp : 5208
17:14:41.673 ERROR: Program context is undefined
  SevError(2) : dtacell.cpp : 559
17:14:41.673 ERROR: Operation succeeded
  SevError(2) : programcontext.cpp : 5208
17:14:41.674 ERROR: Program context is undefined
  SevError(2) : dtacell.cpp : 559
17:14:41.674 ERROR: Operation succeeded
  SevError(2) : programcontext.cpp : 5208
17:14:41.674 ERROR: Program context is undefined
  SevError(2) : dtacell.cpp : 559
17:14:41.674 ERROR: Operation succeeded
  SevError(2) : programcontext.cpp : 5208
17:14:41.674 ERROR: Program context is undefined
  SevError(2) : dtacell.cpp : 559
17:14:41.674 ERROR: Operation succeeded
  SevError(2) : programcontext.cpp : 5208
17:14:41.674 ERROR: Program context is undefined
  SevError(2) : dtacell.cpp : 559
17:14:41.674 ERROR: Operation succeeded
  SevError(2) : programcontext.cpp : 5208
17:14:41.674 ERROR: Program context is undefined
  SevError(2) : dtacell.cpp : 559
17:14:41.674 ERROR: Operation succeeded
  SevError(2) : programcontext.cpp : 5208
17:14:41.694 ERROR: Program context is undefined
  SevError(2) : dtacell.cpp : 559
17:14:41.694 ERROR: Operation succeeded
  SevError(2) : programcontext.cpp : 5208
17:14:41.695 ERROR: Operation succeeded
  SevError(2) : programcontext.cpp : 5208
17:14:41.698 ERROR: Program context is undefined
  SevError(2) : dtacell.cpp : 559
17:14:41.698 ERROR: Operation succeeded
  SevError(2) : programcontext.cpp : 5208
17:14:41.698 ERROR: Program context is undefined
  SevError(2) : dtacell.cpp : 559
17:14:41.698 ERROR: Operation succeeded
  SevError(2) : programcontext.cpp : 5208
17:14:41.698 ERROR: Program context is undefined
  SevError(2) : dtacell.cpp : 559
17:14:41.699 ERROR: Operation succeeded
  SevError(2) : programcontext.cpp : 5208
17:14:41.699 ERROR: Program context is undefined
  SevError(2) : dtacell.cpp : 559
17:14:41.699 ERROR: Operation succeeded
  SevError(2) : programcontext.cpp : 5208
17:14:41.699 ERROR: Program context is undefined
  SevError(2) : dtacell.cpp : 559
17:14:41.699 ERROR: Operation succeeded
  SevError(2) : programcontext.cpp : 5208
17:14:41.699 ERROR: Program context is undefined
  SevError(2) : dtacell.cpp : 559
17:14:41.699 ERROR: Operation succeeded
  SevError(2) : programcontext.cpp : 5208
17:14:41.699 ERROR: Program context is undefined
  SevError(2) : dtacell.cpp : 559
17:14:41.699 ERROR: Operation succeeded
  SevError(2) : programcontext.cpp : 5208
17:14:41.699 ERROR: Program context is undefined
  SevError(2) : dtacell.cpp : 559
17:14:41.699 ERROR: Operation succeeded
  SevError(2) : programcontext.cpp : 5208
17:14:41.700 ERROR: Program context is undefined
  SevError(2) : dtacell.cpp : 559
17:14:41.700 ERROR: Operation succeeded
  SevError(2) : programcontext.cpp : 5208
17:14:41.700 ERROR: Program context is undefined
  SevError(2) : dtacell.cpp : 559
17:14:41.700 ERROR: Operation succeeded
  SevError(2) : programcontext.cpp : 5208
17:14:41.700 ERROR: Program context is undefined
  SevError(2) : dtacell.cpp : 559
17:14:41.700 ERROR: Operation succeeded
  SevError(2) : programcontext.cpp : 5208
17:14:41.700 ERROR: Program context is undefined
  SevError(2) : dtacell.cpp : 559
17:14:41.700 ERROR: Operation succeeded
  SevError(2) : programcontext.cpp : 5208
17:14:41.700 ERROR: Program context is undefined
  SevError(2) : dtacell.cpp : 559
17:14:41.700 ERROR: Operation succeeded
  SevError(2) : programcontext.cpp : 5208
17:14:41.700 ERROR: Program context is undefined
  SevError(2) : dtacell.cpp : 559
17:14:41.700 ERROR: Operation succeeded
  SevError(2) : programcontext.cpp : 5208
17:14:41.700 ERROR: Program context is undefined
  SevError(2) : dtacell.cpp : 559
17:14:41.700 ERROR: Operation succeeded
  SevError(2) : programcontext.cpp : 5208
17:14:41.700 ERROR: Program context is undefined
  SevError(2) : dtacell.cpp : 559
17:14:41.700 ERROR: Operation succeeded
  SevError(2) : programcontext.cpp : 5208
17:14:41.700 ERROR: Program context is undefined
  SevError(2) : dtacell.cpp : 559
17:14:41.700 ERROR: Operation succeeded
  SevError(2) : programcontext.cpp : 5208
17:14:41.701 ERROR: Program context is undefined
  SevError(2) : dtacell.cpp : 559
17:14:41.701 ERROR: Operation succeeded
  SevError(2) : programcontext.cpp : 5208
17:14:41.714 ERROR: Program context is undefined
  SevError(2) : dtacell.cpp : 559
17:14:41.714 ERROR: Operation succeeded
  SevError(2) : programcontext.cpp : 5208
17:14:41.720 ERROR: Program context is undefined
  SevError(2) : dtacell.cpp : 559
17:14:41.720 ERROR: Operation succeeded
  SevError(2) : programcontext.cpp : 5208
17:14:41.720 ERROR: Program context is undefined
  SevError(2) : dtacell.cpp : 559
17:14:41.720 ERROR: Operation succeeded
  SevError(2) : programcontext.cpp : 5208
17:14:41.720 ERROR: Program context is undefined
  SevError(2) : dtacell.cpp : 559
17:14:41.720 ERROR: Operation succeeded
  SevError(2) : programcontext.cpp : 5208
17:14:41.720 ERROR: Program context is undefined
  SevError(2) : dtacell.cpp : 559
17:14:41.720 ERROR: Operation succeeded
  SevError(2) : programcontext.cpp : 5208
17:14:41.721 ERROR: Program context is undefined
  SevError(2) : dtacell.cpp : 559
17:14:41.721 ERROR: Operation succeeded
  SevError(2) : programcontext.cpp : 5208
17:14:41.721 ERROR: Program context is undefined
  SevError(2) : dtacell.cpp : 559
17:14:41.721 ERROR: Operation succeeded
  SevError(2) : programcontext.cpp : 5208
17:14:41.721 ERROR: Program context is undefined
  SevError(2) : dtacell.cpp : 559
17:14:41.721 ERROR: Operation succeeded
  SevError(2) : programcontext.cpp : 5208
17:14:41.721 ERROR: Program context is undefined
  SevError(2) : dtacell.cpp : 559
17:14:41.721 ERROR: Operation succeeded
  SevError(2) : programcontext.cpp : 5208
17:14:41.721 ERROR: Program context is undefined
  SevError(2) : dtacell.cpp : 559
17:14:41.721 ERROR: Operation succeeded
  SevError(2) : programcontext.cpp : 5208
17:14:42.829 ERROR: Program context is undefined
  SevError(2) : dtacell.cpp : 559
17:14:42.829 ERROR: Operation succeeded
  SevError(2) : programcontext.cpp : 5208
17:14:42.840 ERROR: Program context is undefined
  SevError(2) : dtacell.cpp : 559
17:14:42.840 ERROR: Operation succeeded
  SevError(2) : programcontext.cpp : 5208
17:14:42.844 ERROR: Unsupported function call: TargetPluginAPI::TOSContextRefresh
  SevError(2) : tccallwrappers.cpp : 6221
17:14:42.844 ERROR: Program context is undefined
  SevError(2) : dtacell.cpp : 559
17:14:42.844 ERROR: Operation succeeded
  SevError(2) : programcontext.cpp : 5208
17:14:42.844 ERROR: Program context is undefined
  SevError(2) : dtacell.cpp : 559
17:14:42.844 ERROR: Operation succeeded
  SevError(2) : programcontext.cpp : 5208
17:14:42.845 ERROR: Program context is undefined
  SevError(2) : dtacell.cpp : 559
17:14:42.845 ERROR: Operation succeeded
  SevError(2) : programcontext.cpp : 5208
17:14:42.855 ERROR: Program context is undefined
  SevError(2) : dtacell.cpp : 559
17:14:42.855 ERROR: Operation succeeded
  SevError(2) : programcontext.cpp : 5208
17:14:47.862 ERROR: Program context is undefined
  SevError(2) : dtacell.cpp : 559
17:14:47.862 ERROR: Operation succeeded
  SevError(2) : programcontext.cpp : 5208
17:14:47.872 ERROR: Property not found: IsModulesSynched
  Module Component : SevError(2) : modulecomponent.cpp : 200
17:14:47.874 ERROR: Program context is undefined
  SevError(2) : dtacell.cpp : 559
17:14:47.874 ERROR: Operation succeeded
  SevError(2) : programcontext.cpp : 5208
17:14:47.874 ERROR: Program context is undefined
  SevError(2) : dtacell.cpp : 559
17:14:47.874 ERROR: Operation succeeded
  SevError(2) : programcontext.cpp : 5208
17:14:47.878 ERROR: The program context is marked as deleted
  SevError(2) : dtacell.cpp : 566
17:14:47.878 ERROR: The program context is marked as deleted
  SevError(2) : dtacell.cpp : 566
17:14:47.917 ERROR: Unknown thread/program-context id 23
  SevError(2) : programcontext.cpp : 5595
17:14:53.427 ERROR: Program context is undefined
  SevError(2) : dtacell.cpp : 559
17:14:53.427 ERROR: Operation succeeded
  SevError(2) : programcontext.cpp : 5208
17:14:53.440 ERROR: Program context is undefined
  SevError(2) : dtacell.cpp : 559
17:14:53.440 ERROR: Operation succeeded
  SevError(2) : programcontext.cpp : 5208
17:16:22.999 ERROR: Program context is undefined
  SevError(2) : dtacell.cpp : 559
17:16:22.999 ERROR: Operation succeeded
  SevError(2) : programcontext.cpp : 5208
17:16:23.017 ERROR: Program context is undefined
  SevError(2) : dtacell.cpp : 559
17:16:23.017 ERROR: Operation succeeded
  SevError(2) : programcontext.cpp : 5208
17:16:23.017 ERROR: Program context is undefined
  SevError(2) : dtacell.cpp : 559
17:16:23.017 ERROR: Operation succeeded
  SevError(2) : programcontext.cpp : 5208
17:16:23.064 ERROR: Program context is undefined
  SevError(2) : dtacell.cpp : 559
17:16:23.064 ERROR: Operation succeeded
  SevError(2) : programcontext.cpp : 5208
17:16:23.070 ERROR: Program context is undefined
  SevError(2) : dtacell.cpp : 559
17:16:23.070 ERROR: Operation succeeded
  SevError(2) : programcontext.cpp : 5208
17:16:23.070 ERROR: Program context is undefined
  SevError(2) : dtacell.cpp : 559
17:16:23.070 ERROR: Operation succeeded
  SevError(2) : programcontext.cpp : 5208
17:16:23.121 ERROR: Program context is undefined
  SevError(2) : dtacell.cpp : 559
17:16:23.121 ERROR: Operation succeeded
  SevError(2) : programcontext.cpp : 5208
17:16:23.129 ERROR: Program context is undefined
  SevError(2) : dtacell.cpp : 559
17:16:23.129 ERROR: Operation succeeded
  SevError(2) : programcontext.cpp : 5208
17:16:23.133 ERROR: Operation succeeded
  SevError(2) : programcontext.cpp : 5208
17:16:23.133 ERROR: Program context is undefined
  SevError(2) : dtacell.cpp : 559
17:16:23.133 ERROR: Operation succeeded
  SevError(2) : programcontext.cpp : 5208
17:16:23.133 ERROR: Program context is undefined
  SevError(2) : dtacell.cpp : 559
17:16:23.133 ERROR: Operation succeeded
  SevError(2) : programcontext.cpp : 5208
17:16:24.149 ERROR: Unsupported function call: TargetPluginAPI::TOSContextRefresh
  SevError(2) : tccallwrappers.cpp : 6221
17:16:36.145 ERROR: Property not found: IsModulesSynched
  Module Component : SevError(2) : modulecomponent.cpp : 200
17:16:36.146 ERROR: Program context is undefined
  SevError(2) : dtacell.cpp : 559
17:16:36.147 ERROR: Operation succeeded
  SevError(2) : programcontext.cpp : 5208
17:16:36.147 ERROR: Program context is undefined
  SevError(2) : dtacell.cpp : 559
17:16:36.147 ERROR: Operation succeeded
  SevError(2) : programcontext.cpp : 5208
17:16:36.149 ERROR: The program context is marked as deleted
  SevError(2) : dtacell.cpp : 566
17:16:36.150 ERROR: The program context is marked as deleted
  SevError(2) : dtacell.cpp : 566
17:16:41.663 ERROR: Program context is undefined
  SevError(2) : dtacell.cpp : 559
17:16:41.663 ERROR: Operation succeeded
  SevError(2) : programcontext.cpp : 5208
17:16:41.675 ERROR: Program context is undefined
  SevError(2) : dtacell.cpp : 559
17:16:41.675 ERROR: Operation succeeded
  SevError(2) : programcontext.cpp : 5208
17:18:37.475 ERROR: Program context is undefined
  SevError(2) : dtacell.cpp : 559
17:18:37.475 ERROR: Operation succeeded
  SevError(2) : programcontext.cpp : 5208
17:18:37.496 ERROR: Program context is undefined
  SevError(2) : dtacell.cpp : 559
17:18:37.496 ERROR: Operation succeeded
  SevError(2) : programcontext.cpp : 5208
17:18:37.496 ERROR: Program context is undefined
  SevError(2) : dtacell.cpp : 559
17:18:37.497 ERROR: Operation succeeded
  SevError(2) : programcontext.cpp : 5208
17:18:37.547 ERROR: Program context is undefined
  SevError(2) : dtacell.cpp : 559
17:18:37.547 ERROR: Operation succeeded
  SevError(2) : programcontext.cpp : 5208
17:18:37.567 ERROR: Program context is undefined
  SevError(2) : dtacell.cpp : 559
17:18:37.567 ERROR: Operation succeeded
  SevError(2) : programcontext.cpp : 5208
17:18:37.567 ERROR: Program context is undefined
  SevError(2) : dtacell.cpp : 559
17:18:37.568 ERROR: Operation succeeded
  SevError(2) : programcontext.cpp : 5208
17:18:37.598 ERROR: Program context is undefined
  SevError(2) : dtacell.cpp : 559
17:18:37.598 ERROR: Operation succeeded
  SevError(2) : programcontext.cpp : 5208
17:18:37.603 ERROR: Program context is undefined
  SevError(2) : dtacell.cpp : 559
17:18:37.603 ERROR: Operation succeeded
  SevError(2) : programcontext.cpp : 5208
17:18:40.670 ERROR: Operation succeeded
  SevError(2) : programcontext.cpp : 5208
17:18:40.674 ERROR: Property not found: IsModulesSynched
  Module Component : SevError(2) : modulecomponent.cpp : 200
17:18:40.676 ERROR: Program context is undefined
  SevError(2) : dtacell.cpp : 559
17:18:40.676 ERROR: Operation succeeded
  SevError(2) : programcontext.cpp : 5208
17:18:40.676 ERROR: Program context is undefined
  SevError(2) : dtacell.cpp : 559
17:18:40.676 ERROR: Operation succeeded
  SevError(2) : programcontext.cpp : 5208
17:18:40.727 ERROR: Unsupported function call: TargetPluginAPI::TOSContextRefresh
  SevError(2) : tccallwrappers.cpp : 6221
17:18:40.763 ERROR: Node 'Task' does not have a child name 'ObjList': InfoArrayContainerNode_IndexNamedChildren::evalNodeChild
  Protocol Component : SevError(2) : infonodehelper.hpp : 500
17:18:40.763 ERROR: Node 'Task' does not have a child name 'ObjList'
  Protocol Component : SevError(2) : infonodehelper.hpp : 500
17:18:40.765 ERROR: Unsupported function call: TargetPluginAPI::TOSContextRefresh
  SevError(2) : tccallwrappers.cpp : 6221
17:18:40.766 ERROR: Program context is undefined
  SevError(2) : dtacell.cpp : 559
17:18:40.766 ERROR: Operation succeeded
  SevError(2) : programcontext.cpp : 5208
17:18:40.766 ERROR: Program context is undefined
  SevError(2) : dtacell.cpp : 559
17:18:40.766 ERROR: Operation succeeded
  SevError(2) : programcontext.cpp : 5208
17:18:40.877 ERROR: Unrecognized property: General:ReverseStepping
  SevError(2) : tcproperties.cpp : 92
17:18:40.877 ERROR: Unrecognized property: General:ReverseStepping
  SevError(2) : tcproperties.cpp : 92
17:18:40.877 ERROR: Unrecognized property: General:ReverseStepping
  SevError(2) : tcproperties.cpp : 92
17:18:40.877 ERROR: Unrecognized property: General:ReverseStepping
  SevError(2) : tcproperties.cpp : 92
17:18:41.231 ERROR: The TOS object is not initialized: TOSComponent::GetObjectInfo
  Tos Component : SevError(2) : tosobject.cpp : 2282
17:18:41.231 ERROR: The TOS object is not initialized
  Tos Component : SevError(2) : tosobject.cpp : 2282
17:18:41.231 ERROR: The TOS object is not initialized: TOSComponent::GetObjectInfo
  Tos Component : SevError(2) : tosobject.cpp : 2282
17:18:41.231 ERROR: The TOS object is not initialized
  Tos Component : SevError(2) : tosobject.cpp : 2282
17:18:41.445 ERROR: Program context is undefined
  SevError(2) : dtacell.cpp : 559
17:18:41.445 ERROR: Operation succeeded
  SevError(2) : programcontext.cpp : 5208
17:18:41.445 ERROR: Program context is undefined
  SevError(2) : dtacell.cpp : 559
17:18:41.445 ERROR: Operation succeeded
  SevError(2) : programcontext.cpp : 5208
17:18:41.448 ERROR: No register with name 'iar' exists: SCRegisterAccess::GetRegister
  SevError(2) : scregaccess.cpp : 2900
17:18:41.448 ERROR: No register with name 'iar' exists
  SevError(2) : scregaccess.cpp : 2900
17:18:41.448 ERROR: No register with name 'pc' exists: SCRegisterAccess::GetRegister
  SevError(2) : scregaccess.cpp : 2900
17:18:41.448 ERROR: No register with name 'pc' exists
  SevError(2) : scregaccess.cpp : 2900
17:18:41.448 ERROR: No register with name 'IAR' exists: SCRegisterAccess::GetRegister
  SevError(2) : scregaccess.cpp : 2900
17:18:41.448 ERROR: No register with name 'IAR' exists
  SevError(2) : scregaccess.cpp : 2900
17:18:41.448 ERROR: No register with name 'PC' exists: SCRegisterAccess::GetRegister
  SevError(2) : scregaccess.cpp : 2900
17:18:41.448 ERROR: No register with name 'PC' exists
  SevError(2) : scregaccess.cpp : 2900
17:18:41.448 ERROR: No register with name 'ax' exists: SCRegisterAccess::GetRegister
  SevError(2) : scregaccess.cpp : 2900
17:18:41.448 ERROR: No register with name 'ax' exists
  SevError(2) : scregaccess.cpp : 2900
17:18:41.448 ERROR: No register with name 'al' exists: SCRegisterAccess::GetRegister
  SevError(2) : scregaccess.cpp : 2900
17:18:41.448 ERROR: No register with name 'al' exists
  SevError(2) : scregaccess.cpp : 2900
17:18:41.448 ERROR: No register with name 'al' exists: SCRegisterAccess::GetRegister
  SevError(2) : scregaccess.cpp : 2900
17:18:41.448 ERROR: No register with name 'al' exists
  SevError(2) : scregaccess.cpp : 2900
17:18:41.448 ERROR: No register with name 'rax' exists: SCRegisterAccess::GetRegister
  SevError(2) : scregaccess.cpp : 2900
17:18:41.448 ERROR: No register with name 'rax' exists
  SevError(2) : scregaccess.cpp : 2900
17:18:41.448 ERROR: No register with name 'cx' exists: SCRegisterAccess::GetRegister
  SevError(2) : scregaccess.cpp : 2900
17:18:41.448 ERROR: No register with name 'cx' exists
  SevError(2) : scregaccess.cpp : 2900
17:18:41.448 ERROR: No register with name 'cl' exists: SCRegisterAccess::GetRegister
  SevError(2) : scregaccess.cpp : 2900
17:18:41.448 ERROR: No register with name 'cl' exists
  SevError(2) : scregaccess.cpp : 2900
17:18:41.448 ERROR: No register with name 'cl' exists: SCRegisterAccess::GetRegister
  SevError(2) : scregaccess.cpp : 2900
17:18:41.448 ERROR: No register with name 'cl' exists
  SevError(2) : scregaccess.cpp : 2900
17:18:41.448 ERROR: No register with name 'rcx' exists: SCRegisterAccess::GetRegister
  SevError(2) : scregaccess.cpp : 2900
17:18:41.448 ERROR: No register with name 'rcx' exists
  SevError(2) : scregaccess.cpp : 2900
17:18:41.448 ERROR: No register with name 'dx' exists: SCRegisterAccess::GetRegister
  SevError(2) : scregaccess.cpp : 2900
17:18:41.448 ERROR: No register with name 'dx' exists
  SevError(2) : scregaccess.cpp : 2900
17:18:41.448 ERROR: No register with name 'dl' exists: SCRegisterAccess::GetRegister
  SevError(2) : scregaccess.cpp : 2900
17:18:41.448 ERROR: No register with name 'dl' exists
  SevError(2) : scregaccess.cpp : 2900
17:18:41.448 ERROR: No register with name 'dl' exists: SCRegisterAccess::GetRegister
  SevError(2) : scregaccess.cpp : 2900
17:18:41.448 ERROR: No register with name 'dl' exists
  SevError(2) : scregaccess.cpp : 2900
17:18:41.448 ERROR: No register with name 'rdx' exists: SCRegisterAccess::GetRegister
  SevError(2) : scregaccess.cpp : 2900
17:18:41.448 ERROR: No register with name 'rdx' exists
  SevError(2) : scregaccess.cpp : 2900
17:18:41.448 ERROR: No register with name 'bx' exists: SCRegisterAccess::GetRegister
  SevError(2) : scregaccess.cpp : 2900
17:18:41.448 ERROR: No register with name 'bx' exists
  SevError(2) : scregaccess.cpp : 2900
17:18:41.448 ERROR: No register with name 'bl' exists: SCRegisterAccess::GetRegister
  SevError(2) : scregaccess.cpp : 2900
17:18:41.448 ERROR: No register with name 'bl' exists
  SevError(2) : scregaccess.cpp : 2900
17:18:41.448 ERROR: No register with name 'bl' exists: SCRegisterAccess::GetRegister
  SevError(2) : scregaccess.cpp : 2900
17:18:41.448 ERROR: No register with name 'bl' exists
  SevError(2) : scregaccess.cpp : 2900
17:18:41.448 ERROR: No register with name 'rbx' exists: SCRegisterAccess::GetRegister
  SevError(2) : scregaccess.cpp : 2900
17:18:41.448 ERROR: No register with name 'rbx' exists
  SevError(2) : scregaccess.cpp : 2900
17:18:41.448 ERROR: No register with name 'sp' exists: SCRegisterAccess::GetRegister
  SevError(2) : scregaccess.cpp : 2900
17:18:41.448 ERROR: No register with name 'sp' exists
  SevError(2) : scregaccess.cpp : 2900
17:18:41.448 ERROR: No register with name 'ah' exists: SCRegisterAccess::GetRegister
  SevError(2) : scregaccess.cpp : 2900
17:18:41.448 ERROR: No register with name 'ah' exists
  SevError(2) : scregaccess.cpp : 2900
17:18:41.448 ERROR: No register with name 'dil' exists: SCRegisterAccess::GetRegister
  SevError(2) : scregaccess.cpp : 2900
17:18:41.448 ERROR: No register with name 'dil' exists
  SevError(2) : scregaccess.cpp : 2900
17:18:41.448 ERROR: No register with name 'rsp' exists: SCRegisterAccess::GetRegister
  SevError(2) : scregaccess.cpp : 2900
17:18:41.448 ERROR: No register with name 'rsp' exists
  SevError(2) : scregaccess.cpp : 2900
17:18:41.448 ERROR: No register with name 'bp' exists: SCRegisterAccess::GetRegister
  SevError(2) : scregaccess.cpp : 2900
17:18:41.448 ERROR: No register with name 'bp' exists
  SevError(2) : scregaccess.cpp : 2900
17:18:41.448 ERROR: No register with name 'ch' exists: SCRegisterAccess::GetRegister
  SevError(2) : scregaccess.cpp : 2900
17:18:41.448 ERROR: No register with name 'ch' exists
  SevError(2) : scregaccess.cpp : 2900
17:18:41.448 ERROR: No register with name 'sil' exists: SCRegisterAccess::GetRegister
  SevError(2) : scregaccess.cpp : 2900
17:18:41.448 ERROR: No register with name 'sil' exists
  SevError(2) : scregaccess.cpp : 2900
17:18:41.448 ERROR: No register with name 'rbp' exists: SCRegisterAccess::GetRegister
  SevError(2) : scregaccess.cpp : 2900
17:18:41.448 ERROR: No register with name 'rbp' exists
  SevError(2) : scregaccess.cpp : 2900
17:18:41.448 ERROR: No register with name 'si' exists: SCRegisterAccess::GetRegister
  SevError(2) : scregaccess.cpp : 2900
17:18:41.448 ERROR: No register with name 'si' exists
  SevError(2) : scregaccess.cpp : 2900
17:18:41.448 ERROR: No register with name 'dh' exists: SCRegisterAccess::GetRegister
  SevError(2) : scregaccess.cpp : 2900
17:18:41.448 ERROR: No register with name 'dh' exists
  SevError(2) : scregaccess.cpp : 2900
17:18:41.448 ERROR: No register with name 'bpl' exists: SCRegisterAccess::GetRegister
  SevError(2) : scregaccess.cpp : 2900
17:18:41.448 ERROR: No register with name 'bpl' exists
  SevError(2) : scregaccess.cpp : 2900
17:18:41.448 ERROR: No register with name 'rsi' exists: SCRegisterAccess::GetRegister
  SevError(2) : scregaccess.cpp : 2900
17:18:41.448 ERROR: No register with name 'rsi' exists
  SevError(2) : scregaccess.cpp : 2900
17:18:41.448 ERROR: No register with name 'di' exists: SCRegisterAccess::GetRegister
  SevError(2) : scregaccess.cpp : 2900
17:18:41.448 ERROR: No register with name 'di' exists
  SevError(2) : scregaccess.cpp : 2900
17:18:41.448 ERROR: No register with name 'bh' exists: SCRegisterAccess::GetRegister
  SevError(2) : scregaccess.cpp : 2900
17:18:41.448 ERROR: No register with name 'bh' exists
  SevError(2) : scregaccess.cpp : 2900
17:18:41.448 ERROR: No register with name 'spl' exists: SCRegisterAccess::GetRegister
  SevError(2) : scregaccess.cpp : 2900
17:18:41.448 ERROR: No register with name 'spl' exists
  SevError(2) : scregaccess.cpp : 2900
17:18:41.448 ERROR: No register with name 'rdi' exists: SCRegisterAccess::GetRegister
  SevError(2) : scregaccess.cpp : 2900
17:18:41.448 ERROR: No register with name 'rdi' exists
  SevError(2) : scregaccess.cpp : 2900
17:18:41.448 ERROR: No register with name 'r8w' exists: SCRegisterAccess::GetRegister
  SevError(2) : scregaccess.cpp : 2900
17:18:41.448 ERROR: No register with name 'r8w' exists
  SevError(2) : scregaccess.cpp : 2900
17:18:41.448 ERROR: No register with name 'r8l' exists: SCRegisterAccess::GetRegister
  SevError(2) : scregaccess.cpp : 2900
17:18:41.448 ERROR: No register with name 'r8l' exists
  SevError(2) : scregaccess.cpp : 2900
17:18:41.448 ERROR: No register with name 'r8l' exists: SCRegisterAccess::GetRegister
  SevError(2) : scregaccess.cpp : 2900
17:18:41.448 ERROR: No register with name 'r8l' exists
  SevError(2) : scregaccess.cpp : 2900
17:18:41.448 ERROR: No register with name 'r8d' exists: SCRegisterAccess::GetRegister
  SevError(2) : scregaccess.cpp : 2900
17:18:41.448 ERROR: No register with name 'r8d' exists
  SevError(2) : scregaccess.cpp : 2900
17:18:41.448 ERROR: No register with name 'r8' exists: SCRegisterAccess::GetRegister
  SevError(2) : scregaccess.cpp : 2900
17:18:41.448 ERROR: No register with name 'r8' exists
  SevError(2) : scregaccess.cpp : 2900
17:18:41.448 ERROR: No register with name 'r9w' exists: SCRegisterAccess::GetRegister
  SevError(2) : scregaccess.cpp : 2900
17:18:41.448 ERROR: No register with name 'r9w' exists
  SevError(2) : scregaccess.cpp : 2900
17:18:41.448 ERROR: No register with name 'r9l' exists: SCRegisterAccess::GetRegister
  SevError(2) : scregaccess.cpp : 2900
17:18:41.448 ERROR: No register with name 'r9l' exists
  SevError(2) : scregaccess.cpp : 2900
17:18:41.448 ERROR: No register with name 'r9l' exists: SCRegisterAccess::GetRegister
  SevError(2) : scregaccess.cpp : 2900
17:18:41.448 ERROR: No register with name 'r9l' exists
  SevError(2) : scregaccess.cpp : 2900
17:18:41.448 ERROR: No register with name 'r9d' exists: SCRegisterAccess::GetRegister
  SevError(2) : scregaccess.cpp : 2900
17:18:41.448 ERROR: No register with name 'r9d' exists
  SevError(2) : scregaccess.cpp : 2900
17:18:41.448 ERROR: No register with name 'r9' exists: SCRegisterAccess::GetRegister
  SevError(2) : scregaccess.cpp : 2900
17:18:41.448 ERROR: No register with name 'r9' exists
  SevError(2) : scregaccess.cpp : 2900
17:18:41.448 ERROR: No register with name 'r10w' exists: SCRegisterAccess::GetRegister
  SevError(2) : scregaccess.cpp : 2900
17:18:41.448 ERROR: No register with name 'r10w' exists
  SevError(2) : scregaccess.cpp : 2900
17:18:41.448 ERROR: No register with name 'r10l' exists: SCRegisterAccess::GetRegister
  SevError(2) : scregaccess.cpp : 2900
17:18:41.448 ERROR: No register with name 'r10l' exists
  SevError(2) : scregaccess.cpp : 2900
17:18:41.448 ERROR: No register with name 'r10l' exists: SCRegisterAccess::GetRegister
  SevError(2) : scregaccess.cpp : 2900
17:18:41.448 ERROR: No register with name 'r10l' exists
  SevError(2) : scregaccess.cpp : 2900
17:18:41.448 ERROR: No register with name 'r10d' exists: SCRegisterAccess::GetRegister
  SevError(2) : scregaccess.cpp : 2900
17:18:41.448 ERROR: No register with name 'r10d' exists
  SevError(2) : scregaccess.cpp : 2900
17:18:41.448 ERROR: No register with name 'r10' exists: SCRegisterAccess::GetRegister
  SevError(2) : scregaccess.cpp : 2900
17:18:41.448 ERROR: No register with name 'r10' exists
  SevError(2) : scregaccess.cpp : 2900
17:18:41.448 ERROR: No register with name 'r11w' exists: SCRegisterAccess::GetRegister
  SevError(2) : scregaccess.cpp : 2900
17:18:41.448 ERROR: No register with name 'r11w' exists
  SevError(2) : scregaccess.cpp : 2900
17:18:41.448 ERROR: No register with name 'r11l' exists: SCRegisterAccess::GetRegister
  SevError(2) : scregaccess.cpp : 2900
17:18:41.448 ERROR: No register with name 'r11l' exists
  SevError(2) : scregaccess.cpp : 2900
17:18:41.448 ERROR: No register with name 'r11l' exists: SCRegisterAccess::GetRegister
  SevError(2) : scregaccess.cpp : 2900
17:18:41.448 ERROR: No register with name 'r11l' exists
  SevError(2) : scregaccess.cpp : 2900
17:18:41.448 ERROR: No register with name 'r11d' exists: SCRegisterAccess::GetRegister
  SevError(2) : scregaccess.cpp : 2900
17:18:41.448 ERROR: No register with name 'r11d' exists
  SevError(2) : scregaccess.cpp : 2900
17:18:41.448 ERROR: No register with name 'r11' exists: SCRegisterAccess::GetRegister
  SevError(2) : scregaccess.cpp : 2900
17:18:41.448 ERROR: No register with name 'r11' exists
  SevError(2) : scregaccess.cpp : 2900
17:18:41.448 ERROR: No register with name 'r12w' exists: SCRegisterAccess::GetRegister
  SevError(2) : scregaccess.cpp : 2900
17:18:41.448 ERROR: No register with name 'r12w' exists
  SevError(2) : scregaccess.cpp : 2900
17:18:41.448 ERROR: No register with name 'r12l' exists: SCRegisterAccess::GetRegister
  SevError(2) : scregaccess.cpp : 2900
17:18:41.448 ERROR: No register with name 'r12l' exists
  SevError(2) : scregaccess.cpp : 2900
17:18:41.448 ERROR: No register with name 'r12l' exists: SCRegisterAccess::GetRegister
  SevError(2) : scregaccess.cpp : 2900
17:18:41.448 ERROR: No register with name 'r12l' exists
  SevError(2) : scregaccess.cpp : 2900
17:18:41.448 ERROR: No register with name 'r12d' exists: SCRegisterAccess::GetRegister
  SevError(2) : scregaccess.cpp : 2900
17:18:41.448 ERROR: No register with name 'r12d' exists
  SevError(2) : scregaccess.cpp : 2900
17:18:41.448 ERROR: No register with name 'r12' exists: SCRegisterAccess::GetRegister
  SevError(2) : scregaccess.cpp : 2900
17:18:41.448 ERROR: No register with name 'r12' exists
  SevError(2) : scregaccess.cpp : 2900
17:18:41.448 ERROR: No register with name 'r13w' exists: SCRegisterAccess::GetRegister
  SevError(2) : scregaccess.cpp : 2900
17:18:41.448 ERROR: No register with name 'r13w' exists
  SevError(2) : scregaccess.cpp : 2900
17:18:41.448 ERROR: No register with name 'r13l' exists: SCRegisterAccess::GetRegister
  SevError(2) : scregaccess.cpp : 2900
17:18:41.448 ERROR: No register with name 'r13l' exists
  SevError(2) : scregaccess.cpp : 2900
17:18:41.448 ERROR: No register with name 'r13l' exists: SCRegisterAccess::GetRegister
  SevError(2) : scregaccess.cpp : 2900
17:18:41.448 ERROR: No register with name 'r13l' exists
  SevError(2) : scregaccess.cpp : 2900
17:18:41.448 ERROR: No register with name 'r13d' exists: SCRegisterAccess::GetRegister
  SevError(2) : scregaccess.cpp : 2900
17:18:41.448 ERROR: No register with name 'r13d' exists
  SevError(2) : scregaccess.cpp : 2900
17:18:41.448 ERROR: No register with name 'r13' exists: SCRegisterAccess::GetRegister
  SevError(2) : scregaccess.cpp : 2900
17:18:41.448 ERROR: No register with name 'r13' exists
  SevError(2) : scregaccess.cpp : 2900
17:18:41.448 ERROR: No register with name 'r14w' exists: SCRegisterAccess::GetRegister
  SevError(2) : scregaccess.cpp : 2900
17:18:41.448 ERROR: No register with name 'r14w' exists
  SevError(2) : scregaccess.cpp : 2900
17:18:41.448 ERROR: No register with name 'r14l' exists: SCRegisterAccess::GetRegister
  SevError(2) : scregaccess.cpp : 2900
17:18:41.448 ERROR: No register with name 'r14l' exists
  SevError(2) : scregaccess.cpp : 2900
17:18:41.448 ERROR: No register with name 'r14l' exists: SCRegisterAccess::GetRegister
  SevError(2) : scregaccess.cpp : 2900
17:18:41.448 ERROR: No register with name 'r14l' exists
  SevError(2) : scregaccess.cpp : 2900
17:18:41.448 ERROR: No register with name 'r14d' exists: SCRegisterAccess::GetRegister
  SevError(2) : scregaccess.cpp : 2900
17:18:41.448 ERROR: No register with name 'r14d' exists
  SevError(2) : scregaccess.cpp : 2900
17:18:41.448 ERROR: No register with name 'r14' exists: SCRegisterAccess::GetRegister
  SevError(2) : scregaccess.cpp : 2900
17:18:41.448 ERROR: No register with name 'r14' exists
  SevError(2) : scregaccess.cpp : 2900
17:18:41.448 ERROR: No register with name 'r15w' exists: SCRegisterAccess::GetRegister
  SevError(2) : scregaccess.cpp : 2900
17:18:41.448 ERROR: No register with name 'r15w' exists
  SevError(2) : scregaccess.cpp : 2900
17:18:41.448 ERROR: No register with name 'r15l' exists: SCRegisterAccess::GetRegister
  SevError(2) : scregaccess.cpp : 2900
17:18:41.448 ERROR: No register with name 'r15l' exists
  SevError(2) : scregaccess.cpp : 2900
17:18:41.448 ERROR: No register with name 'r15l' exists: SCRegisterAccess::GetRegister
  SevError(2) : scregaccess.cpp : 2900
17:18:41.448 ERROR: No register with name 'r15l' exists
  SevError(2) : scregaccess.cpp : 2900
17:18:41.448 ERROR: No register with name 'r15d' exists: SCRegisterAccess::GetRegister
  SevError(2) : scregaccess.cpp : 2900
17:18:41.448 ERROR: No register with name 'r15d' exists
  SevError(2) : scregaccess.cpp : 2900
17:18:41.448 ERROR: No register with name 'r15' exists: SCRegisterAccess::GetRegister
  SevError(2) : scregaccess.cpp : 2900
17:18:41.448 ERROR: No register with name 'r15' exists
  SevError(2) : scregaccess.cpp : 2900
17:18:41.448 ERROR: No register with name 'es' exists: SCRegisterAccess::GetRegister
  SevError(2) : scregaccess.cpp : 2900
17:18:41.448 ERROR: No register with name 'es' exists
  SevError(2) : scregaccess.cpp : 2900
17:18:41.448 ERROR: No register with name 'cs' exists: SCRegisterAccess::GetRegister
  SevError(2) : scregaccess.cpp : 2900
17:18:41.448 ERROR: No register with name 'cs' exists
  SevError(2) : scregaccess.cpp : 2900
17:18:41.448 ERROR: No register with name 'ss' exists: SCRegisterAccess::GetRegister
  SevError(2) : scregaccess.cpp : 2900
17:18:41.448 ERROR: No register with name 'ss' exists
  SevError(2) : scregaccess.cpp : 2900
17:18:41.448 ERROR: No register with name 'ds' exists: SCRegisterAccess::GetRegister
  SevError(2) : scregaccess.cpp : 2900
17:18:41.448 ERROR: No register with name 'ds' exists
  SevError(2) : scregaccess.cpp : 2900
17:18:41.448 ERROR: No register with name 'fs' exists: SCRegisterAccess::GetRegister
  SevError(2) : scregaccess.cpp : 2900
17:18:41.448 ERROR: No register with name 'fs' exists
  SevError(2) : scregaccess.cpp : 2900
17:18:41.448 ERROR: No register with name 'gs' exists: SCRegisterAccess::GetRegister
  SevError(2) : scregaccess.cpp : 2900
17:18:41.448 ERROR: No register with name 'gs' exists
  SevError(2) : scregaccess.cpp : 2900
17:18:41.448 ERROR: No register with name 'cr0' exists: SCRegisterAccess::GetRegister
  SevError(2) : scregaccess.cpp : 2900
17:18:41.448 ERROR: No register with name 'cr0' exists
  SevError(2) : scregaccess.cpp : 2900
17:18:41.448 ERROR: No register with name 'cr2' exists: SCRegisterAccess::GetRegister
  SevError(2) : scregaccess.cpp : 2900
17:18:41.448 ERROR: No register with name 'cr2' exists
  SevError(2) : scregaccess.cpp : 2900
17:18:41.448 ERROR: No register with name 'cr3' exists: SCRegisterAccess::GetRegister
  SevError(2) : scregaccess.cpp : 2900
17:18:41.448 ERROR: No register with name 'cr3' exists
  SevError(2) : scregaccess.cpp : 2900
17:18:41.448 ERROR: No register with name 'cr4' exists: SCRegisterAccess::GetRegister
  SevError(2) : scregaccess.cpp : 2900
17:18:41.448 ERROR: No register with name 'cr4' exists
  SevError(2) : scregaccess.cpp : 2900
17:18:41.448 ERROR: No register with name 'cr8' exists: SCRegisterAccess::GetRegister
  SevError(2) : scregaccess.cpp : 2900
17:18:41.448 ERROR: No register with name 'cr8' exists
  SevError(2) : scregaccess.cpp : 2900
17:18:41.448 ERROR: No register with name 'mm0' exists: SCRegisterAccess::GetRegister
  SevError(2) : scregaccess.cpp : 2900
17:18:41.448 ERROR: No register with name 'mm0' exists
  SevError(2) : scregaccess.cpp : 2900
17:18:41.448 ERROR: No register with name 'xmm0' exists: SCRegisterAccess::GetRegister
  SevError(2) : scregaccess.cpp : 2900
17:18:41.448 ERROR: No register with name 'xmm0' exists
  SevError(2) : scregaccess.cpp : 2900
17:18:41.449 ERROR: Program context is undefined
  SevError(2) : dtacell.cpp : 559
17:18:41.449 ERROR: Operation succeeded
  SevError(2) : programcontext.cpp : 5208
17:18:41.449 ERROR: Program context is undefined
  SevError(2) : dtacell.cpp : 559
17:18:41.449 ERROR: Operation succeeded
  SevError(2) : programcontext.cpp : 5208
17:18:41.645 ERROR: Program context is undefined
  SevError(2) : dtacell.cpp : 559
17:18:41.645 ERROR: Operation succeeded
  SevError(2) : programcontext.cpp : 5208
17:18:41.645 ERROR: Program context is undefined
  SevError(2) : dtacell.cpp : 559
17:18:41.645 ERROR: Operation succeeded
  SevError(2) : programcontext.cpp : 5208
17:18:41.646 ERROR: Program context is undefined
  SevError(2) : dtacell.cpp : 559
17:18:41.646 ERROR: Operation succeeded
  SevError(2) : programcontext.cpp : 5208
17:18:41.647 ERROR: Program context is undefined
  SevError(2) : dtacell.cpp : 559
17:18:41.647 ERROR: Operation succeeded
  SevError(2) : programcontext.cpp : 5208
17:18:41.647 ERROR: Read access not allowed
  SevError(2) : wtxmemory.cpp : 245
17:18:41.647 ERROR: Read access not allowed
  SevError(2) : wtxmemory.cpp : 245
17:18:41.647 ERROR: Program context is undefined
  SevError(2) : dtacell.cpp : 559
17:18:41.647 ERROR: Operation succeeded
  SevError(2) : programcontext.cpp : 5208
17:18:41.647 ERROR: Read access not allowed
  SevError(2) : wtxmemory.cpp : 245
17:18:41.647 ERROR: Program context is undefined
  SevError(2) : dtacell.cpp : 559
17:18:41.647 ERROR: Operation succeeded
  SevError(2) : programcontext.cpp : 5208
17:18:41.647 ERROR: Read access not allowed
  SevError(2) : wtxmemory.cpp : 555
17:18:41.647 ERROR: One or more failures in a multiple request call
  SevError(2) : CPUPluginTemplate.cpp : 2194
17:18:41.648 ERROR: Program context is undefined
  SevError(2) : dtacell.cpp : 559
17:18:41.648 ERROR: Operation succeeded
  SevError(2) : programcontext.cpp : 5208
17:18:41.649 ERROR: Program context is undefined
  SevError(2) : dtacell.cpp : 559
17:18:41.649 ERROR: Operation succeeded
  SevError(2) : programcontext.cpp : 5208
17:18:41.650 ERROR: Program context is undefined
  SevError(2) : dtacell.cpp : 559
17:18:41.650 ERROR: Operation succeeded
  SevError(2) : programcontext.cpp : 5208
17:18:41.699 ERROR: Program context is undefined
  SevError(2) : dtacell.cpp : 559
17:18:41.699 ERROR: Operation succeeded
  SevError(2) : programcontext.cpp : 5208
17:18:41.699 ERROR: Program context is undefined
  SevError(2) : dtacell.cpp : 559
17:18:41.699 ERROR: Operation succeeded
  SevError(2) : programcontext.cpp : 5208
17:18:41.701 ERROR: Program context is undefined
  SevError(2) : dtacell.cpp : 559
17:18:41.701 ERROR: Operation succeeded
  SevError(2) : programcontext.cpp : 5208
17:18:41.705 ERROR: Program context is undefined
  SevError(2) : dtacell.cpp : 559
17:18:41.705 ERROR: Operation succeeded
  SevError(2) : programcontext.cpp : 5208
17:18:41.706 ERROR: Program context is undefined
  SevError(2) : dtacell.cpp : 559
17:18:41.706 ERROR: Operation succeeded
  SevError(2) : programcontext.cpp : 5208
17:18:41.707 ERROR: Read access not allowed
  SevError(2) : wtxmemory.cpp : 245
17:18:41.707 ERROR: Program context is undefined
  SevError(2) : dtacell.cpp : 559
17:18:41.707 ERROR: Operation succeeded
  SevError(2) : programcontext.cpp : 5208
17:18:41.708 ERROR: Read access not allowed
  SevError(2) : wtxmemory.cpp : 555
17:18:41.708 ERROR: One or more failures in a multiple request call
  SevError(2) : CPUPluginTemplate.cpp : 2194
17:18:41.708 ERROR: cannot access target to evaluate expression
  Symbol Component : SevError(2) : symbolaccessspt.cpp : 287
17:18:41.710 ERROR: Program context is undefined
  SevError(2) : dtacell.cpp : 559
17:18:41.710 ERROR: Operation succeeded
  SevError(2) : programcontext.cpp : 5208
17:18:41.711 ERROR: Program context is undefined
  SevError(2) : dtacell.cpp : 559
17:18:41.711 ERROR: Operation succeeded
  SevError(2) : programcontext.cpp : 5208
17:18:41.712 ERROR: Program context is undefined
  SevError(2) : dtacell.cpp : 559
17:18:41.712 ERROR: Operation succeeded
  SevError(2) : programcontext.cpp : 5208
17:18:48.007 ERROR: Node 'HardwareBreakpointData' does not have a child name 'AccessSizeList': StdStructContainerInfoNode1::evalNodeChild
  Protocol Component : SevError(2) : infonodehelper.hpp : 1645
17:18:48.007 ERROR: Node 'HardwareBreakpointData' does not have a child name 'AccessSizeList'
  Protocol Component : SevError(2) : infonodehelper.hpp : 1645
17:18:48.010 ERROR: Node 'HardwareBreakpointData' does not have a child name 'AccessTypeList': StdStructContainerInfoNode1::evalNodeChild
  Protocol Component : SevError(2) : infonodehelper.hpp : 1645
17:18:48.010 ERROR: Node 'HardwareBreakpointData' does not have a child name 'AccessTypeList'
  Protocol Component : SevError(2) : infonodehelper.hpp : 1645
17:18:48.136 ERROR: Program context is undefined
  SevError(2) : dtacell.cpp : 559
17:18:48.136 ERROR: Operation succeeded
  SevError(2) : programcontext.cpp : 5208
17:18:48.881 ERROR: No symbol context is defined for current context.: ProgramContext::GetLockedModuleListEntry
  SevError(2) : programcontext.cpp : 5150
17:18:48.881 ERROR: No symbol context is defined for current context.
  SevError(2) : programcontext.cpp : 5150
17:18:48.895 WARNING: Symbol not found: SymbolComponent::GetVariable
  Symbol Component : SevWarning(1) : symbolcomponent.cpp : 4543
17:18:48.895 WARNING: Symbol not found
  Symbol Component : SevWarning(1) : symbolcomponent.cpp : 4543
17:18:48.905 ERROR: No symbol context is defined for current context.: ProgramContext::GetLockedModuleListEntry
  SevError(2) : programcontext.cpp : 5150
17:18:48.905 ERROR: No symbol context is defined for current context.
  SevError(2) : programcontext.cpp : 5150
17:18:48.918 WARNING: Symbol not found: SymbolComponent::GetVariable
  Symbol Component : SevWarning(1) : symbolcomponent.cpp : 4543
17:18:48.918 WARNING: Symbol not found
  Symbol Component : SevWarning(1) : symbolcomponent.cpp : 4543
17:18:48.926 ERROR: No symbol context is defined for current context.: ProgramContext::GetLockedModuleListEntry
  SevError(2) : programcontext.cpp : 5150
17:18:48.926 ERROR: No symbol context is defined for current context.
  SevError(2) : programcontext.cpp : 5150
17:18:48.940 WARNING: Symbol not found: SymbolComponent::GetVariable
  Symbol Component : SevWarning(1) : symbolcomponent.cpp : 4543
17:18:48.940 WARNING: Symbol not found
  Symbol Component : SevWarning(1) : symbolcomponent.cpp : 4543
17:19:19.540 ERROR: Read access not allowed
  SevError(2) : wtxmemory.cpp : 245
17:19:19.541 ERROR: Read access not allowed
  SevError(2) : wtxmemory.cpp : 245
17:19:19.541 ERROR: Read access not allowed
  SevError(2) : wtxmemory.cpp : 555
17:19:19.541 ERROR: One or more failures in a multiple request call
  SevError(2) : CPUPluginTemplate.cpp : 2194
17:19:19.593 ERROR: Read access not allowed
  SevError(2) : wtxmemory.cpp : 245
17:19:19.593 ERROR: Read access not allowed
  SevError(2) : wtxmemory.cpp : 555
17:19:19.593 ERROR: One or more failures in a multiple request call
  SevError(2) : CPUPluginTemplate.cpp : 2194
17:19:19.593 ERROR: cannot access target to evaluate expression
  Symbol Component : SevError(2) : symbolaccessspt.cpp : 287
17:19:28.685 ERROR: Unsupported function call: TOSComponent::IsAddressInPLT
  Tos Component : SevError(2) : tosmodule.cpp : 1172
17:19:28.686 ERROR: Unsupported function call: TargetPluginAPI::StepRangeOver
  SevError(2) : tccallwrappers.cpp : 3530
17:19:28.690 ERROR: Unsupported function call: TargetPluginAPI::StepRangeOver
  SevError(2) : tccallwrappers.cpp : 3530
17:19:28.695 ERROR: Unsupported function call: TargetPluginAPI::StepRangeOver
  SevError(2) : tccallwrappers.cpp : 3530
17:19:28.700 ERROR: Unsupported function call: TOSComponent::IsAddressInPLT
  Tos Component : SevError(2) : tosmodule.cpp : 1172
17:19:28.763 ERROR: Read access not allowed
  SevError(2) : wtxmemory.cpp : 245
17:19:28.763 ERROR: Read access not allowed
  SevError(2) : wtxmemory.cpp : 245
17:19:28.763 ERROR: Read access not allowed
  SevError(2) : wtxmemory.cpp : 555
17:19:28.763 ERROR: One or more failures in a multiple request call
  SevError(2) : CPUPluginTemplate.cpp : 2194
17:19:28.767 ERROR: Read access not allowed
  SevError(2) : wtxmemory.cpp : 245
17:19:28.767 ERROR: Read access not allowed
  SevError(2) : wtxmemory.cpp : 555
17:19:28.767 ERROR: One or more failures in a multiple request call
  SevError(2) : CPUPluginTemplate.cpp : 2194
17:19:28.767 ERROR: cannot access target to evaluate expression
  Symbol Component : SevError(2) : symbolaccessspt.cpp : 287
17:19:28.977 ERROR: Read access not allowed
  SevError(2) : wtxmemory.cpp : 245
17:19:28.978 ERROR: Read access not allowed
  SevError(2) : wtxmemory.cpp : 245
17:19:28.978 ERROR: Read access not allowed
  SevError(2) : wtxmemory.cpp : 555
17:19:28.978 ERROR: One or more failures in a multiple request call
  SevError(2) : CPUPluginTemplate.cpp : 2194
17:19:34.363 ERROR: Unsupported function call: TOSComponent::IsAddressInPLT
  Tos Component : SevError(2) : tosmodule.cpp : 1172
17:19:34.417 ERROR: Read access not allowed
  SevError(2) : wtxmemory.cpp : 245
17:19:34.418 ERROR: Read access not allowed
  SevError(2) : wtxmemory.cpp : 245
17:19:34.418 ERROR: Read access not allowed
  SevError(2) : wtxmemory.cpp : 555
17:19:34.418 ERROR: One or more failures in a multiple request call
  SevError(2) : CPUPluginTemplate.cpp : 2194
17:19:34.424 ERROR: Read access not allowed
  SevError(2) : wtxmemory.cpp : 245
17:19:34.424 ERROR: Read access not allowed
  SevError(2) : wtxmemory.cpp : 555
17:19:34.424 ERROR: One or more failures in a multiple request call
  SevError(2) : CPUPluginTemplate.cpp : 2194
17:19:34.424 ERROR: cannot access target to evaluate expression
  Symbol Component : SevError(2) : symbolaccessspt.cpp : 287
17:19:34.644 ERROR: Read access not allowed
  SevError(2) : wtxmemory.cpp : 245
17:19:34.645 ERROR: Read access not allowed
  SevError(2) : wtxmemory.cpp : 245
17:19:34.645 ERROR: Read access not allowed
  SevError(2) : wtxmemory.cpp : 555
17:19:34.646 ERROR: One or more failures in a multiple request call
  SevError(2) : CPUPluginTemplate.cpp : 2194
17:19:36.067 ERROR: Unsupported function call: TOSComponent::IsAddressInPLT
  Tos Component : SevError(2) : tosmodule.cpp : 1172
17:19:36.128 ERROR: Read access not allowed
  SevError(2) : wtxmemory.cpp : 245
17:19:36.128 ERROR: Read access not allowed
  SevError(2) : wtxmemory.cpp : 245
17:19:36.128 ERROR: Read access not allowed
  SevError(2) : wtxmemory.cpp : 555
17:19:36.128 ERROR: One or more failures in a multiple request call
  SevError(2) : CPUPluginTemplate.cpp : 2194
17:19:36.132 ERROR: Read access not allowed
  SevError(2) : wtxmemory.cpp : 245
17:19:36.132 ERROR: Read access not allowed
  SevError(2) : wtxmemory.cpp : 555
17:19:36.132 ERROR: One or more failures in a multiple request call
  SevError(2) : CPUPluginTemplate.cpp : 2194
17:19:36.132 ERROR: cannot access target to evaluate expression
  Symbol Component : SevError(2) : symbolaccessspt.cpp : 287
17:19:36.292 ERROR: Read access not allowed
  SevError(2) : wtxmemory.cpp : 245
17:19:36.292 ERROR: Read access not allowed
  SevError(2) : wtxmemory.cpp : 245
17:19:36.292 ERROR: Read access not allowed
  SevError(2) : wtxmemory.cpp : 555
17:19:36.292 ERROR: One or more failures in a multiple request call
  SevError(2) : CPUPluginTemplate.cpp : 2194
17:19:37.290 ERROR: Read access not allowed
  SevError(2) : wtxmemory.cpp : 245
17:19:37.290 ERROR: Read access not allowed
  SevError(2) : wtxmemory.cpp : 245
17:19:37.290 ERROR: Read access not allowed
  SevError(2) : wtxmemory.cpp : 555
17:19:37.290 ERROR: One or more failures in a multiple request call
  SevError(2) : CPUPluginTemplate.cpp : 2194
17:19:37.293 ERROR: Read access not allowed
  SevError(2) : wtxmemory.cpp : 245
17:19:37.293 ERROR: Read access not allowed
  SevError(2) : wtxmemory.cpp : 555
17:19:37.293 ERROR: One or more failures in a multiple request call
  SevError(2) : CPUPluginTemplate.cpp : 2194
17:19:37.293 ERROR: cannot access target to evaluate expression
  Symbol Component : SevError(2) : symbolaccessspt.cpp : 287
17:19:37.537 ERROR: Read access not allowed
  SevError(2) : wtxmemory.cpp : 245
17:19:37.537 ERROR: Read access not allowed
  SevError(2) : wtxmemory.cpp : 245
17:19:37.538 ERROR: Read access not allowed
  SevError(2) : wtxmemory.cpp : 555
17:19:37.538 ERROR: One or more failures in a multiple request call
  SevError(2) : CPUPluginTemplate.cpp : 2194
17:25:59.522 ERROR: Read access not allowed
  SevError(2) : wtxmemory.cpp : 245
17:25:59.523 ERROR: Read access not allowed
  SevError(2) : wtxmemory.cpp : 245
17:25:59.523 ERROR: cannot access target to evaluate expression
  Symbol Component : SevError(2) : symbolaccessspt.cpp : 287
17:26:41.601 ERROR: No source line at this address
  Protocol Component : SevError(2) : miserialize.cpp : 1982
17:26:41.644 ERROR: No source line at this address
  Protocol Component : SevError(2) : miserialize.cpp : 1982
17:27:10.843 ERROR: Read access not allowed
  SevError(2) : wtxmemory.cpp : 245
17:27:10.844 ERROR: Read access not allowed
  SevError(2) : wtxmemory.cpp : 245
17:27:10.845 ERROR: Read access not allowed
  SevError(2) : wtxmemory.cpp : 245
17:27:10.845 ERROR: Read access not allowed
  SevError(2) : wtxmemory.cpp : 555
17:27:10.845 ERROR: One or more failures in a multiple request call
  SevError(2) : CPUPluginTemplate.cpp : 2194
17:27:10.846 ERROR: Read access not allowed
  SevError(2) : wtxmemory.cpp : 245
17:27:10.847 ERROR: Read access not allowed
  SevError(2) : wtxmemory.cpp : 245
17:27:10.848 ERROR: Read access not allowed
  SevError(2) : wtxmemory.cpp : 245
17:27:10.848 ERROR: Read access not allowed
  SevError(2) : wtxmemory.cpp : 555
17:27:10.848 ERROR: One or more failures in a multiple request call
  SevError(2) : CPUPluginTemplate.cpp : 2194
17:27:10.850 ERROR: Read access not allowed
  SevError(2) : wtxmemory.cpp : 245
17:27:10.851 ERROR: Read access not allowed
  SevError(2) : wtxmemory.cpp : 245
17:27:10.851 ERROR: Read access not allowed
  SevError(2) : wtxmemory.cpp : 245
17:27:10.852 ERROR: Read access not allowed
  SevError(2) : wtxmemory.cpp : 555
17:27:10.852 ERROR: One or more failures in a multiple request call
  SevError(2) : CPUPluginTemplate.cpp : 2194
17:27:10.853 ERROR: Read access not allowed
  SevError(2) : wtxmemory.cpp : 245
17:27:10.853 ERROR: Read access not allowed
  SevError(2) : wtxmemory.cpp : 245
17:27:10.854 ERROR: Read access not allowed
  SevError(2) : wtxmemory.cpp : 245
17:27:10.855 ERROR: Read access not allowed
  SevError(2) : wtxmemory.cpp : 555
17:27:10.855 ERROR: One or more failures in a multiple request call
  SevError(2) : CPUPluginTemplate.cpp : 2194
17:27:10.856 ERROR: Read access not allowed
  SevError(2) : wtxmemory.cpp : 245
17:27:10.857 ERROR: Read access not allowed
  SevError(2) : wtxmemory.cpp : 245
17:27:10.857 ERROR: Read access not allowed
  SevError(2) : wtxmemory.cpp : 245
17:27:10.858 ERROR: Read access not allowed
  SevError(2) : wtxmemory.cpp : 555
17:27:10.858 ERROR: One or more failures in a multiple request call
  SevError(2) : CPUPluginTemplate.cpp : 2194
17:27:10.859 ERROR: Read access not allowed
  SevError(2) : wtxmemory.cpp : 245
17:27:10.860 ERROR: Read access not allowed
  SevError(2) : wtxmemory.cpp : 245
17:27:10.861 ERROR: Read access not allowed
  SevError(2) : wtxmemory.cpp : 245
17:27:10.861 ERROR: Read access not allowed
  SevError(2) : wtxmemory.cpp : 555
17:27:10.861 ERROR: One or more failures in a multiple request call
  SevError(2) : CPUPluginTemplate.cpp : 2194
17:27:10.862 ERROR: Read access not allowed
  SevError(2) : wtxmemory.cpp : 245
17:27:10.863 ERROR: Read access not allowed
  SevError(2) : wtxmemory.cpp : 245
17:27:10.864 ERROR: Read access not allowed
  SevError(2) : wtxmemory.cpp : 245
17:27:10.864 ERROR: Read access not allowed
  SevError(2) : wtxmemory.cpp : 555
17:27:10.864 ERROR: One or more failures in a multiple request call
  SevError(2) : CPUPluginTemplate.cpp : 2194
17:27:10.866 ERROR: Read access not allowed
  SevError(2) : wtxmemory.cpp : 245
17:27:10.867 ERROR: Read access not allowed
  SevError(2) : wtxmemory.cpp : 245
17:27:10.867 ERROR: Read access not allowed
  SevError(2) : wtxmemory.cpp : 245
17:27:10.868 ERROR: Read access not allowed
  SevError(2) : wtxmemory.cpp : 555
17:27:10.868 ERROR: One or more failures in a multiple request call
  SevError(2) : CPUPluginTemplate.cpp : 2194
17:27:10.869 ERROR: Read access not allowed
  SevError(2) : wtxmemory.cpp : 245
17:27:10.869 ERROR: Read access not allowed
  SevError(2) : wtxmemory.cpp : 245
17:27:10.870 ERROR: Read access not allowed
  SevError(2) : wtxmemory.cpp : 245
17:27:10.870 ERROR: Read access not allowed
  SevError(2) : wtxmemory.cpp : 555
17:27:10.870 ERROR: One or more failures in a multiple request call
  SevError(2) : CPUPluginTemplate.cpp : 2194
17:27:10.871 ERROR: Read access not allowed
  SevError(2) : wtxmemory.cpp : 245
17:27:10.872 ERROR: Read access not allowed
  SevError(2) : wtxmemory.cpp : 245
17:27:10.872 ERROR: Read access not allowed
  SevError(2) : wtxmemory.cpp : 245
17:27:10.873 ERROR: Read access not allowed
  SevError(2) : wtxmemory.cpp : 555
17:27:10.873 ERROR: One or more failures in a multiple request call
  SevError(2) : CPUPluginTemplate.cpp : 2194
17:27:10.874 ERROR: Read access not allowed
  SevError(2) : wtxmemory.cpp : 245
17:27:10.874 ERROR: Read access not allowed
  SevError(2) : wtxmemory.cpp : 245
17:27:10.875 ERROR: Read access not allowed
  SevError(2) : wtxmemory.cpp : 245
17:27:10.875 ERROR: Read access not allowed
  SevError(2) : wtxmemory.cpp : 555
17:27:10.875 ERROR: One or more failures in a multiple request call
  SevError(2) : CPUPluginTemplate.cpp : 2194
17:27:10.876 ERROR: Read access not allowed
  SevError(2) : wtxmemory.cpp : 245
17:27:10.876 ERROR: Read access not allowed
  SevError(2) : wtxmemory.cpp : 245
17:27:10.877 ERROR: Read access not allowed
  SevError(2) : wtxmemory.cpp : 245
17:27:10.878 ERROR: Read access not allowed
  SevError(2) : wtxmemory.cpp : 555
17:27:10.878 ERROR: One or more failures in a multiple request call
  SevError(2) : CPUPluginTemplate.cpp : 2194
17:27:10.879 ERROR: Read access not allowed
  SevError(2) : wtxmemory.cpp : 245
17:27:10.880 ERROR: Read access not allowed
  SevError(2) : wtxmemory.cpp : 245
17:27:10.880 ERROR: Read access not allowed
  SevError(2) : wtxmemory.cpp : 245
17:27:10.881 ERROR: Read access not allowed
  SevError(2) : wtxmemory.cpp : 555
17:27:10.881 ERROR: One or more failures in a multiple request call
  SevError(2) : CPUPluginTemplate.cpp : 2194
17:27:10.882 ERROR: Read access not allowed
  SevError(2) : wtxmemory.cpp : 245
17:27:10.882 ERROR: Read access not allowed
  SevError(2) : wtxmemory.cpp : 245
17:27:10.883 ERROR: Read access not allowed
  SevError(2) : wtxmemory.cpp : 245
17:27:10.884 ERROR: Read access not allowed
  SevError(2) : wtxmemory.cpp : 555
17:27:10.884 ERROR: One or more failures in a multiple request call
  SevError(2) : CPUPluginTemplate.cpp : 2194
17:27:10.884 ERROR: Read access not allowed
  SevError(2) : wtxmemory.cpp : 245
17:27:10.885 ERROR: Read access not allowed
  SevError(2) : wtxmemory.cpp : 245
17:27:10.885 ERROR: Read access not allowed
  SevError(2) : wtxmemory.cpp : 245
17:27:10.886 ERROR: Read access not allowed
  SevError(2) : wtxmemory.cpp : 555
17:27:10.886 ERROR: One or more failures in a multiple request call
  SevError(2) : CPUPluginTemplate.cpp : 2194
17:27:10.887 ERROR: Read access not allowed
  SevError(2) : wtxmemory.cpp : 245
17:27:10.887 ERROR: Read access not allowed
  SevError(2) : wtxmemory.cpp : 245
17:27:10.888 ERROR: Read access not allowed
  SevError(2) : wtxmemory.cpp : 245
17:27:10.889 ERROR: Read access not allowed
  SevError(2) : wtxmemory.cpp : 555
17:27:10.889 ERROR: One or more failures in a multiple request call
  SevError(2) : CPUPluginTemplate.cpp : 2194
17:27:10.889 ERROR: Read access not allowed
  SevError(2) : wtxmemory.cpp : 245
17:27:10.890 ERROR: Read access not allowed
  SevError(2) : wtxmemory.cpp : 245
17:27:10.891 ERROR: Read access not allowed
  SevError(2) : wtxmemory.cpp : 245
17:27:10.891 ERROR: Read access not allowed
  SevError(2) : wtxmemory.cpp : 555
17:27:10.891 ERROR: One or more failures in a multiple request call
  SevError(2) : CPUPluginTemplate.cpp : 2194
17:27:10.892 ERROR: Read access not allowed
  SevError(2) : wtxmemory.cpp : 245
17:27:10.893 ERROR: Read access not allowed
  SevError(2) : wtxmemory.cpp : 245
17:27:10.893 ERROR: Read access not allowed
  SevError(2) : wtxmemory.cpp : 245
17:27:10.894 ERROR: Read access not allowed
  SevError(2) : wtxmemory.cpp : 555
17:27:10.894 ERROR: One or more failures in a multiple request call
  SevError(2) : CPUPluginTemplate.cpp : 2194
17:27:10.895 ERROR: Read access not allowed
  SevError(2) : wtxmemory.cpp : 245
17:27:10.895 ERROR: Read access not allowed
  SevError(2) : wtxmemory.cpp : 245
17:27:10.896 ERROR: Read access not allowed
  SevError(2) : wtxmemory.cpp : 245
17:27:10.896 ERROR: Read access not allowed
  SevError(2) : wtxmemory.cpp : 555
17:27:10.896 ERROR: One or more failures in a multiple request call
  SevError(2) : CPUPluginTemplate.cpp : 2194
17:27:10.897 ERROR: Read access not allowed
  SevError(2) : wtxmemory.cpp : 245
17:27:10.898 ERROR: Read access not allowed
  SevError(2) : wtxmemory.cpp : 245
17:27:10.899 ERROR: Read access not allowed
  SevError(2) : wtxmemory.cpp : 245
17:27:10.899 ERROR: Read access not allowed
  SevError(2) : wtxmemory.cpp : 555
17:27:10.899 ERROR: One or more failures in a multiple request call
  SevError(2) : CPUPluginTemplate.cpp : 2194
17:27:10.900 ERROR: Read access not allowed
  SevError(2) : wtxmemory.cpp : 245
17:27:10.901 ERROR: Read access not allowed
  SevError(2) : wtxmemory.cpp : 245
17:27:10.902 ERROR: Read access not allowed
  SevError(2) : wtxmemory.cpp : 245
17:27:10.902 ERROR: Read access not allowed
  SevError(2) : wtxmemory.cpp : 555
17:27:10.902 ERROR: One or more failures in a multiple request call
  SevError(2) : CPUPluginTemplate.cpp : 2194
17:27:10.903 ERROR: Read access not allowed
  SevError(2) : wtxmemory.cpp : 245
17:27:10.904 ERROR: Read access not allowed
  SevError(2) : wtxmemory.cpp : 245
17:27:10.905 ERROR: Read access not allowed
  SevError(2) : wtxmemory.cpp : 245
17:27:10.905 ERROR: Read access not allowed
  SevError(2) : wtxmemory.cpp : 555
17:27:10.905 ERROR: One or more failures in a multiple request call
  SevError(2) : CPUPluginTemplate.cpp : 2194
17:27:10.938 ERROR: Read access not allowed
  SevError(2) : wtxmemory.cpp : 245
17:27:10.939 ERROR: Read access not allowed
  SevError(2) : wtxmemory.cpp : 245
17:27:10.939 ERROR: Read access not allowed
  SevError(2) : wtxmemory.cpp : 245
17:27:10.939 ERROR: Read access not allowed
  SevError(2) : wtxmemory.cpp : 555
17:27:10.939 ERROR: One or more failures in a multiple request call
  SevError(2) : CPUPluginTemplate.cpp : 2194
17:27:10.939 ERROR: Read access not allowed
  SevError(2) : wtxmemory.cpp : 245
17:27:10.940 ERROR: Read access not allowed
  SevError(2) : wtxmemory.cpp : 245
17:27:10.940 ERROR: Read access not allowed
  SevError(2) : wtxmemory.cpp : 245
17:27:10.940 ERROR: Read access not allowed
  SevError(2) : wtxmemory.cpp : 555
17:27:10.940 ERROR: One or more failures in a multiple request call
  SevError(2) : CPUPluginTemplate.cpp : 2194
17:27:10.941 ERROR: Read access not allowed
  SevError(2) : wtxmemory.cpp : 245
17:27:10.941 ERROR: Read access not allowed
  SevError(2) : wtxmemory.cpp : 245
17:27:10.941 ERROR: Read access not allowed
  SevError(2) : wtxmemory.cpp : 245
17:27:10.941 ERROR: Read access not allowed
  SevError(2) : wtxmemory.cpp : 555
17:27:10.941 ERROR: One or more failures in a multiple request call
  SevError(2) : CPUPluginTemplate.cpp : 2194
17:27:10.941 ERROR: Read access not allowed
  SevError(2) : wtxmemory.cpp : 245
17:27:10.941 ERROR: Read access not allowed
  SevError(2) : wtxmemory.cpp : 245
17:27:10.942 ERROR: Read access not allowed
  SevError(2) : wtxmemory.cpp : 245
17:27:10.942 ERROR: Read access not allowed
  SevError(2) : wtxmemory.cpp : 555
17:27:10.942 ERROR: One or more failures in a multiple request call
  SevError(2) : CPUPluginTemplate.cpp : 2194
17:27:10.942 ERROR: Read access not allowed
  SevError(2) : wtxmemory.cpp : 245
17:27:10.942 ERROR: Read access not allowed
  SevError(2) : wtxmemory.cpp : 245
17:27:10.942 ERROR: Read access not allowed
  SevError(2) : wtxmemory.cpp : 245
17:27:10.942 ERROR: Read access not allowed
  SevError(2) : wtxmemory.cpp : 555
17:27:10.942 ERROR: One or more failures in a multiple request call
  SevError(2) : CPUPluginTemplate.cpp : 2194
17:27:10.943 ERROR: Read access not allowed
  SevError(2) : wtxmemory.cpp : 245
17:27:10.943 ERROR: Read access not allowed
  SevError(2) : wtxmemory.cpp : 245
17:27:10.943 ERROR: Read access not allowed
  SevError(2) : wtxmemory.cpp : 245
17:27:10.943 ERROR: Read access not allowed
  SevError(2) : wtxmemory.cpp : 555
17:27:10.943 ERROR: One or more failures in a multiple request call
  SevError(2) : CPUPluginTemplate.cpp : 2194
17:27:10.943 ERROR: Read access not allowed
  SevError(2) : wtxmemory.cpp : 245
17:27:10.943 ERROR: Read access not allowed
  SevError(2) : wtxmemory.cpp : 245
17:27:10.944 ERROR: Read access not allowed
  SevError(2) : wtxmemory.cpp : 245
17:27:10.944 ERROR: Read access not allowed
  SevError(2) : wtxmemory.cpp : 555
17:27:10.944 ERROR: One or more failures in a multiple request call
  SevError(2) : CPUPluginTemplate.cpp : 2194
17:27:10.944 ERROR: Read access not allowed
  SevError(2) : wtxmemory.cpp : 245
17:27:10.944 ERROR: Read access not allowed
  SevError(2) : wtxmemory.cpp : 245
17:27:10.944 ERROR: Read access not allowed
  SevError(2) : wtxmemory.cpp : 245
17:27:10.944 ERROR: Read access not allowed
  SevError(2) : wtxmemory.cpp : 555
17:27:10.944 ERROR: One or more failures in a multiple request call
  SevError(2) : CPUPluginTemplate.cpp : 2194
17:27:10.945 ERROR: Read access not allowed
  SevError(2) : wtxmemory.cpp : 245
17:27:10.945 ERROR: Read access not allowed
  SevError(2) : wtxmemory.cpp : 245
17:27:10.945 ERROR: Read access not allowed
  SevError(2) : wtxmemory.cpp : 245
17:27:10.945 ERROR: Read access not allowed
  SevError(2) : wtxmemory.cpp : 555
17:27:10.945 ERROR: One or more failures in a multiple request call
  SevError(2) : CPUPluginTemplate.cpp : 2194
17:27:10.945 ERROR: Read access not allowed
  SevError(2) : wtxmemory.cpp : 245
17:27:10.945 ERROR: Read access not allowed
  SevError(2) : wtxmemory.cpp : 245
17:27:10.945 ERROR: Read access not allowed
  SevError(2) : wtxmemory.cpp : 245
17:27:10.946 ERROR: Read access not allowed
  SevError(2) : wtxmemory.cpp : 555
17:27:10.946 ERROR: One or more failures in a multiple request call
  SevError(2) : CPUPluginTemplate.cpp : 2194
17:27:10.946 ERROR: Read access not allowed
  SevError(2) : wtxmemory.cpp : 245
17:27:10.946 ERROR: Read access not allowed
  SevError(2) : wtxmemory.cpp : 245
17:27:10.946 ERROR: Read access not allowed
  SevError(2) : wtxmemory.cpp : 245
17:27:10.946 ERROR: Read access not allowed
  SevError(2) : wtxmemory.cpp : 555
17:27:10.946 ERROR: One or more failures in a multiple request call
  SevError(2) : CPUPluginTemplate.cpp : 2194
17:27:10.946 ERROR: Read access not allowed
  SevError(2) : wtxmemory.cpp : 245
17:27:10.946 ERROR: Read access not allowed
  SevError(2) : wtxmemory.cpp : 245
17:27:10.947 ERROR: Read access not allowed
  SevError(2) : wtxmemory.cpp : 245
17:27:10.947 ERROR: Read access not allowed
  SevError(2) : wtxmemory.cpp : 555
17:27:10.947 ERROR: One or more failures in a multiple request call
  SevError(2) : CPUPluginTemplate.cpp : 2194
17:27:10.947 ERROR: Read access not allowed
  SevError(2) : wtxmemory.cpp : 245
17:27:10.947 ERROR: Read access not allowed
  SevError(2) : wtxmemory.cpp : 245
17:27:10.947 ERROR: Read access not allowed
  SevError(2) : wtxmemory.cpp : 245
17:27:10.947 ERROR: Read access not allowed
  SevError(2) : wtxmemory.cpp : 555
17:27:10.947 ERROR: One or more failures in a multiple request call
  SevError(2) : CPUPluginTemplate.cpp : 2194
17:27:10.948 ERROR: Read access not allowed
  SevError(2) : wtxmemory.cpp : 245
17:27:10.948 ERROR: Read access not allowed
  SevError(2) : wtxmemory.cpp : 245
17:27:10.948 ERROR: Read access not allowed
  SevError(2) : wtxmemory.cpp : 245
17:27:10.948 ERROR: Read access not allowed
  SevError(2) : wtxmemory.cpp : 555
17:27:10.948 ERROR: One or more failures in a multiple request call
  SevError(2) : CPUPluginTemplate.cpp : 2194
17:27:10.948 ERROR: Read access not allowed
  SevError(2) : wtxmemory.cpp : 245
17:27:10.948 ERROR: Read access not allowed
  SevError(2) : wtxmemory.cpp : 245
17:27:10.948 ERROR: Read access not allowed
  SevError(2) : wtxmemory.cpp : 245
17:27:10.949 ERROR: Read access not allowed
  SevError(2) : wtxmemory.cpp : 555
17:27:10.949 ERROR: One or more failures in a multiple request call
  SevError(2) : CPUPluginTemplate.cpp : 2194
17:27:10.949 ERROR: Read access not allowed
  SevError(2) : wtxmemory.cpp : 245
17:27:10.949 ERROR: Read access not allowed
  SevError(2) : wtxmemory.cpp : 245
17:27:10.949 ERROR: Read access not allowed
  SevError(2) : wtxmemory.cpp : 245
17:27:10.949 ERROR: Read access not allowed
  SevError(2) : wtxmemory.cpp : 555
17:27:10.949 ERROR: One or more failures in a multiple request call
  SevError(2) : CPUPluginTemplate.cpp : 2194
17:27:10.949 ERROR: Read access not allowed
  SevError(2) : wtxmemory.cpp : 245
17:27:10.949 ERROR: Read access not allowed
  SevError(2) : wtxmemory.cpp : 245
17:27:10.950 ERROR: Read access not allowed
  SevError(2) : wtxmemory.cpp : 245
17:27:10.950 ERROR: Read access not allowed
  SevError(2) : wtxmemory.cpp : 555
17:27:10.950 ERROR: One or more failures in a multiple request call
  SevError(2) : CPUPluginTemplate.cpp : 2194
17:27:10.950 ERROR: Read access not allowed
  SevError(2) : wtxmemory.cpp : 245
17:27:10.950 ERROR: Read access not allowed
  SevError(2) : wtxmemory.cpp : 245
17:27:10.950 ERROR: Read access not allowed
  SevError(2) : wtxmemory.cpp : 245
17:27:10.950 ERROR: Read access not allowed
  SevError(2) : wtxmemory.cpp : 555
17:27:10.950 ERROR: One or more failures in a multiple request call
  SevError(2) : CPUPluginTemplate.cpp : 2194
17:27:10.950 ERROR: Read access not allowed
  SevError(2) : wtxmemory.cpp : 245
17:27:10.950 ERROR: Read access not allowed
  SevError(2) : wtxmemory.cpp : 245
17:27:10.951 ERROR: Read access not allowed
  SevError(2) : wtxmemory.cpp : 245
17:27:10.951 ERROR: Read access not allowed
  SevError(2) : wtxmemory.cpp : 555
17:27:10.951 ERROR: One or more failures in a multiple request call
  SevError(2) : CPUPluginTemplate.cpp : 2194
17:27:10.951 ERROR: Read access not allowed
  SevError(2) : wtxmemory.cpp : 245
17:27:10.951 ERROR: Read access not allowed
  SevError(2) : wtxmemory.cpp : 245
17:27:10.951 ERROR: Read access not allowed
  SevError(2) : wtxmemory.cpp : 245
17:27:10.951 ERROR: Read access not allowed
  SevError(2) : wtxmemory.cpp : 555
17:27:10.951 ERROR: One or more failures in a multiple request call
  SevError(2) : CPUPluginTemplate.cpp : 2194
17:27:10.951 ERROR: Read access not allowed
  SevError(2) : wtxmemory.cpp : 245
17:27:10.952 ERROR: Read access not allowed
  SevError(2) : wtxmemory.cpp : 245
17:27:10.952 ERROR: Read access not allowed
  SevError(2) : wtxmemory.cpp : 245
17:27:10.952 ERROR: Read access not allowed
  SevError(2) : wtxmemory.cpp : 555
17:27:10.952 ERROR: One or more failures in a multiple request call
  SevError(2) : CPUPluginTemplate.cpp : 2194
17:27:10.952 ERROR: Read access not allowed
  SevError(2) : wtxmemory.cpp : 245
17:27:10.952 ERROR: Read access not allowed
  SevError(2) : wtxmemory.cpp : 245
17:27:10.952 ERROR: Read access not allowed
  SevError(2) : wtxmemory.cpp : 245
17:27:10.952 ERROR: Read access not allowed
  SevError(2) : wtxmemory.cpp : 555
17:27:10.952 ERROR: One or more failures in a multiple request call
  SevError(2) : CPUPluginTemplate.cpp : 2194
17:27:10.969 ERROR: Read access not allowed
  SevError(2) : wtxmemory.cpp : 245
17:27:10.969 ERROR: Read access not allowed
  SevError(2) : wtxmemory.cpp : 245
17:27:10.969 ERROR: Read access not allowed
  SevError(2) : wtxmemory.cpp : 245
17:27:10.969 ERROR: Read access not allowed
  SevError(2) : wtxmemory.cpp : 555
17:27:10.969 ERROR: One or more failures in a multiple request call
  SevError(2) : CPUPluginTemplate.cpp : 2194
17:27:10.970 ERROR: Read access not allowed
  SevError(2) : wtxmemory.cpp : 245
17:27:10.970 ERROR: Read access not allowed
  SevError(2) : wtxmemory.cpp : 245
17:27:10.970 ERROR: Read access not allowed
  SevError(2) : wtxmemory.cpp : 245
17:27:10.970 ERROR: Read access not allowed
  SevError(2) : wtxmemory.cpp : 555
17:27:10.970 ERROR: One or more failures in a multiple request call
  SevError(2) : CPUPluginTemplate.cpp : 2194
17:27:10.970 ERROR: Read access not allowed
  SevError(2) : wtxmemory.cpp : 245
17:27:10.971 ERROR: Read access not allowed
  SevError(2) : wtxmemory.cpp : 245
17:27:10.971 ERROR: Read access not allowed
  SevError(2) : wtxmemory.cpp : 245
17:27:10.971 ERROR: Read access not allowed
  SevError(2) : wtxmemory.cpp : 555
17:27:10.971 ERROR: One or more failures in a multiple request call
  SevError(2) : CPUPluginTemplate.cpp : 2194
17:27:10.971 ERROR: Read access not allowed
  SevError(2) : wtxmemory.cpp : 245
17:27:10.971 ERROR: Read access not allowed
  SevError(2) : wtxmemory.cpp : 555
17:27:10.971 ERROR: One or more failures in a multiple request call
  SevError(2) : CPUPluginTemplate.cpp : 2194
17:27:10.971 ERROR: Read access not allowed
  SevError(2) : wtxmemory.cpp : 245
17:27:10.972 ERROR: Read access not allowed
  SevError(2) : wtxmemory.cpp : 555
17:27:10.972 ERROR: One or more failures in a multiple request call
  SevError(2) : CPUPluginTemplate.cpp : 2194
17:27:19.475 ERROR: Read access not allowed
  SevError(2) : wtxmemory.cpp : 245
17:27:19.476 ERROR: Read access not allowed
  SevError(2) : wtxmemory.cpp : 555
17:27:19.476 ERROR: One or more failures in a multiple request call
  SevError(2) : CPUPluginTemplate.cpp : 2194
17:27:19.476 ERROR: Read access not allowed
  SevError(2) : wtxmemory.cpp : 245
17:27:19.476 ERROR: Read access not allowed
  SevError(2) : wtxmemory.cpp : 555
17:27:19.476 ERROR: One or more failures in a multiple request call
  SevError(2) : CPUPluginTemplate.cpp : 2194
17:27:19.476 ERROR: Read access not allowed
  SevError(2) : wtxmemory.cpp : 245
17:27:19.477 ERROR: Read access not allowed
  SevError(2) : wtxmemory.cpp : 555
17:27:19.477 ERROR: One or more failures in a multiple request call
  SevError(2) : CPUPluginTemplate.cpp : 2194
17:27:19.477 ERROR: Read access not allowed
  SevError(2) : wtxmemory.cpp : 245
17:27:19.477 ERROR: Read access not allowed
  SevError(2) : wtxmemory.cpp : 555
17:27:19.477 ERROR: One or more failures in a multiple request call
  SevError(2) : CPUPluginTemplate.cpp : 2194
17:27:20.526 ERROR: Read access not allowed
  SevError(2) : wtxmemory.cpp : 245
17:27:20.526 ERROR: Read access not allowed
  SevError(2) : wtxmemory.cpp : 245
17:27:20.527 ERROR: Read access not allowed
  SevError(2) : wtxmemory.cpp : 245
17:27:20.528 ERROR: Read access not allowed
  SevError(2) : wtxmemory.cpp : 555
17:27:20.528 ERROR: One or more failures in a multiple request call
  SevError(2) : CPUPluginTemplate.cpp : 2194
17:27:20.529 ERROR: Read access not allowed
  SevError(2) : wtxmemory.cpp : 245
17:27:20.529 ERROR: Read access not allowed
  SevError(2) : wtxmemory.cpp : 245
17:27:20.530 ERROR: Read access not allowed
  SevError(2) : wtxmemory.cpp : 245
17:27:20.530 ERROR: Read access not allowed
  SevError(2) : wtxmemory.cpp : 555
17:27:20.530 ERROR: One or more failures in a multiple request call
  SevError(2) : CPUPluginTemplate.cpp : 2194
17:27:20.531 ERROR: Read access not allowed
  SevError(2) : wtxmemory.cpp : 245
17:27:20.532 ERROR: Read access not allowed
  SevError(2) : wtxmemory.cpp : 245
17:27:20.532 ERROR: Read access not allowed
  SevError(2) : wtxmemory.cpp : 245
17:27:20.533 ERROR: Read access not allowed
  SevError(2) : wtxmemory.cpp : 555
17:27:20.533 ERROR: One or more failures in a multiple request call
  SevError(2) : CPUPluginTemplate.cpp : 2194
17:27:22.357 ERROR: Read access not allowed
  SevError(2) : wtxmemory.cpp : 245
17:27:22.358 ERROR: Read access not allowed
  SevError(2) : wtxmemory.cpp : 245
17:27:22.358 ERROR: Read access not allowed
  SevError(2) : wtxmemory.cpp : 245
17:27:22.359 ERROR: Read access not allowed
  SevError(2) : wtxmemory.cpp : 555
17:27:22.359 ERROR: One or more failures in a multiple request call
  SevError(2) : CPUPluginTemplate.cpp : 2194
17:27:22.360 ERROR: Read access not allowed
  SevError(2) : wtxmemory.cpp : 245
17:27:22.360 ERROR: Read access not allowed
  SevError(2) : wtxmemory.cpp : 245
17:27:22.361 ERROR: Read access not allowed
  SevError(2) : wtxmemory.cpp : 245
17:27:22.362 ERROR: Read access not allowed
  SevError(2) : wtxmemory.cpp : 555
17:27:22.362 ERROR: One or more failures in a multiple request call
  SevError(2) : CPUPluginTemplate.cpp : 2194
17:27:22.362 ERROR: Read access not allowed
  SevError(2) : wtxmemory.cpp : 245
17:27:22.363 ERROR: Read access not allowed
  SevError(2) : wtxmemory.cpp : 245
17:27:22.364 ERROR: Read access not allowed
  SevError(2) : wtxmemory.cpp : 245
17:27:22.364 ERROR: Read access not allowed
  SevError(2) : wtxmemory.cpp : 555
17:27:22.364 ERROR: One or more failures in a multiple request call
  SevError(2) : CPUPluginTemplate.cpp : 2194
17:27:48.973 ERROR: Unsupported function call: TOSComponent::IsAddressInPLT
  Tos Component : SevError(2) : tosmodule.cpp : 1172
17:27:49.019 ERROR: Invalid address
  SevError(2) : memorymap.cpp : 3028
17:27:49.048 ERROR: No source line at this address
  Protocol Component : SevError(2) : miserialize.cpp : 1982
17:27:49.048 ERROR: No source line at this address
  Protocol Component : SevError(2) : miserialize.cpp : 1982
17:27:49.052 ERROR: No source line at this address
  Protocol Component : SevError(2) : miserialize.cpp : 1982
17:27:49.052 ERROR: No source line at this address
  Protocol Component : SevError(2) : miserialize.cpp : 1982
17:27:49.197 ERROR: Invalid address
  SevError(2) : memorymap.cpp : 3028
17:27:49.297 ERROR: No scope for address: CallTraceList::GetFunctionStart
  SevError(2) : callstacklist.cpp : 487
17:27:49.297 ERROR: No scope for address
  SevError(2) : callstacklist.cpp : 487
17:27:49.303 ERROR: Invalid address
  SevError(2) : memorymap.cpp : 3028
17:27:49.312 ERROR: No source line at this address
  Protocol Component : SevError(2) : miserialize.cpp : 1982
17:28:13.766 ERROR: The program context is marked as deleted
  SevError(2) : dtacell.cpp : 566
17:28:13.767 ERROR: The program context is marked as deleted
  SevError(2) : dtacell.cpp : 566
17:28:13.770 ERROR: The program context is marked as deleted
  SevError(2) : dtacell.cpp : 566
17:28:13.771 ERROR: Unknown thread/program-context id 0: MIProgramContextMapper::LookupProgramContext
  Protocol Component : SevError(2) : miprogramcontextmapper.cpp : 128
17:28:13.771 ERROR: Unknown thread/program-context id 0
  Protocol Component : SevError(2) : miprogramcontextmapper.cpp : 128
17:28:13.771 ERROR: The current context is no longer accessible: MISessionState::GetProgramContext
  Protocol Component : SevError(2) : misessionstate.cpp : 423
17:28:13.771 ERROR: The current context is no longer accessible
  Protocol Component : SevError(2) : misessionstate.cpp : 423
17:28:14.177 ERROR: The program context is marked as deleted
  SevError(2) : dtacell.cpp : 566
17:28:14.187 ERROR: The program context is marked as deleted
  SevError(2) : dtacell.cpp : 566
17:28:14.273 ERROR: Unknown thread/program-context id 0: MIProgramContextMapper::LookupProgramContext
  Protocol Component : SevError(2) : miprogramcontextmapper.cpp : 128
17:28:14.273 ERROR: Unknown thread/program-context id 0
  Protocol Component : SevError(2) : miprogramcontextmapper.cpp : 128
17:28:14.273 ERROR: The current context is no longer accessible: MISessionState::GetProgramContext
  Protocol Component : SevError(2) : misessionstate.cpp : 423
17:28:14.273 ERROR: The current context is no longer accessible
  Protocol Component : SevError(2) : misessionstate.cpp : 423
17:28:14.477 ERROR: The program context is marked as deleted
  SevError(2) : dtacell.cpp : 566
17:28:14.477 ERROR: Operation succeeded
  SevError(2) : programcontext.cpp : 5208
17:28:15.274 ERROR: Socket Closed. API: recv, SessionId: 13: SocketHandler::Read
  Protocol Component : SevError(2) : sockethandler.cpp : 109
17:28:15.274 ERROR: Socket Closed. API: recv, SessionId: 13
  Protocol Component : SevError(2) : sockethandler.cpp : 109
17:28:15.274 ERROR: target definition defaultTarget has not been created
  Protocol Component : SevError(2) : targetdefinitionmanager.cpp : 5161
17:28:15.275 ERROR: Unknown thread/program-context id 0: MIProgramContextMapper::LookupProgramContext
  Protocol Component : SevError(2) : miprogramcontextmapper.cpp : 128
17:28:15.275 ERROR: Unknown thread/program-context id 0
  Protocol Component : SevError(2) : miprogramcontextmapper.cpp : 128
17:28:15.275 ERROR: The current context is no longer accessible: MISessionState::GetProgramContext
  Protocol Component : SevError(2) : misessionstate.cpp : 423
17:28:15.275 ERROR: The current context is no longer accessible
  Protocol Component : SevError(2) : misessionstate.cpp : 423
17:28:15.277 ERROR: The program context is marked as deleted
  SevError(2) : dtacell.cpp : 566
17:28:34.780 ERROR: WTX Agent Error: Communication error [Parameter=WTX Direct call failed, FunctionName=IO_DirectCall]
  SevError(2) : wtxerrors.cpp : 1035
17:28:34.780 ERROR: target server back-end disconnected
  SevError(2) : torwtxCommon.cpp : 1087
17:28:34.780 ERROR: target server back-end disconnected
  SevError(2) : torwtxCommon.cpp : 1087
17:40:42.691 ERROR: target server back-end disconnected
  SevError(2) : torwtxCommon.cpp : 1087
17:41:02.296 ERROR: target server back-end disconnected
  SevError(2) : torwtxCommon.cpp : 1087
17:41:25.263 ERROR: target server back-end disconnected
  SevError(2) : torwtxCommon.cpp : 1087
17:41:25.263 ERROR: Operation succeeded
  SevError(2) : programcontext.cpp : 5208
17:41:25.263 ERROR: Operation succeeded
  SevError(2) : programcontext.cpp : 5208
17:41:25.263 ERROR: target server back-end disconnected
  SevError(2) : torwtxCommon.cpp : 1087
17:41:25.263 ERROR: Internal Error: Cannot retrieve connection information
  SevError(2) : TOSplugincommon.cpp : 3778
17:41:25.265 ERROR: Disconnect in progress
  SevError(2) : scruncontrol.cpp : 872
